#
# A fatal error has been detected by the Java Runtime Environment:
#
#  Internal Error (jvmciRuntime.cpp:1609), pid=32, tid=46
#  fatal error: Fatal exception in JVMCI: Error calling jdk.vm.ci.services.Services.serializeSavedProperties
#
# JRE version: OpenJDK Runtime Environment GraalVM CE 22.3.0 (17.0.5+8) (build 17.0.5+8-jvmci-22.3-b08)
# Java VM: OpenJDK 64-Bit Server VM GraalVM CE 22.3.0 (17.0.5+8-jvmci-22.3-b08, mixed mode, sharing, tiered, jvmci, jvmci compiler, compressed oops, compressed class ptrs, parallel gc, linux-amd64)
# Problematic frame:
# V  [libjvm.so+0x972714]  JVMCIRuntime::fatal_exception(JVMCIEnv*, char const*)+0x74
#
# Core dump will be written. Default location: Core dumps may be processed with "/usr/share/apport/apport -p%p -s%s -c%c -d%d -P%P -u%u -g%g -- %E" (or dumping to /home/runner/kalkulator/core.32)
#
# If you would like to submit a bug report, please visit:
#   https://github.com/oracle/graal/issues
#

---------------  S U M M A R Y ------------

Command Line: -XX:ThreadPriorityPolicy=1 -XX:+UnlockExperimentalVMOptions -XX:+EnableJVMCIProduct -XX:JVMCIThreadsPerNativeLibraryRuntime=1 -XX:-UnlockExperimentalVMOptions -Declipse.application=org.eclipse.jdt.ls.core.id1 -Dosgi.bundles.defaultStartLevel=4 -Declipse.product=org.eclipse.jdt.ls.core.product -Dlog.level=ALL -Xverify:none -XX:+UseParallelGC -XX:GCTimeRatio=4 -XX:AdaptiveSizePolicyWeight=90 -Dsun.zip.disableMemoryMapping=true -Xmx512m -Xms100m /nix/store/m6gcpi1ii6rghy04cjwjddcavv7i90df-jdt-language-server-1.9.0/share/java/plugins/org.eclipse.equinox.launcher_1.6.400.v20210924-0641.jar --add-modules=ALL-SYSTEM --add-opens java.base/java.util=ALL-UNNAMED --add-opens java.base/java.lang=ALL-UNNAMED -configuration /home/runner/.cache/jdt-language-server/config -data /home/runner/.cache/jdt-language-server/data/home/runner/kalkulator

Host: AMD EPYC 7B12, 8 cores, 1G, Ubuntu 20.04.2 LTS
Time: Tue Mar 21 21:17:43 2023 UTC elapsed time: 289.876755 seconds (0d 0h 4m 49s)

---------------  T H R E A D  ---------------

Current thread (0x00007fcff00b21d0):  JavaThread "JVMCI-native CompilerThread0" daemon [_thread_in_vm, id=46, stack(0x00007fcfd521a000,0x00007fcfd541a000)]


Current CompileTask:
JVMCI-native: 289876 9419       4       java.util.concurrent.locks.AbstractQueuedSynchronizer::acquireShared (20 bytes)

Stack: [0x00007fcfd521a000,0x00007fcfd541a000],  sp=0x00007fcfd5418380,  free space=2040k
Native frames: (J=compiled Java code, j=interpreted, Vv=VM code, C=native code)
V  [libjvm.so+0x972714]  JVMCIRuntime::fatal_exception(JVMCIEnv*, char const*)+0x74
V  [libjvm.so+0x93e2fe]  JVMCIEnv::copy_saved_properties()+0x14e
V  [libjvm.so+0x9732a9]  JVMCIRuntime::initialize(JVMCIEnv*)+0xb19
V  [libjvm.so+0x9738a2]  JVMCIRuntime::get_HotSpotJVMCIRuntime(JVMCIEnv*)+0x12
V  [libjvm.so+0x9749f2]  JVMCIRuntime::compile_method(JVMCIEnv*, JVMCICompiler*, methodHandle const&, int)+0xd2
V  [libjvm.so+0x5b0d20]  CompileBroker::invoke_compiler_on_method(CompileTask*)+0x1470
V  [libjvm.so+0x5b12e8]  CompileBroker::compiler_thread_loop()+0x528
V  [libjvm.so+0xd82460]  JavaThread::thread_main_inner()+0xd0
V  [libjvm.so+0xd85a40]  Thread::call_run()+0xc0
V  [libjvm.so+0xbdb1e1]  thread_native_entry(Thread*)+0xe1

Register to memory mapping:

RAX=0x00007fcff4f41000 points into unknown readable memory: 0x0000000000000058 | 58 00 00 00 00 00 00 00
RBX=0x00007fcff603c398: <offset 0x0000000000ef5398> in /nix/store/gpxl5qgg8kicmcvivwmybwjlpf7wh20l-graalvm17-ce-22.3.0/lib/server/libjvm.so at 0x00007fcff5147000
RCX=0x00007fcff5ff41e8: <offset 0x0000000000ead1e8> in /nix/store/gpxl5qgg8kicmcvivwmybwjlpf7wh20l-graalvm17-ce-22.3.0/lib/server/libjvm.so at 0x00007fcff5147000
RDX=0x0000000000000649 is an unknown value
RSP=0x00007fcfd5418380 is pointing into the stack for thread: 0x00007fcff00b21d0
RBP=0x00007fcfd54183a0 is pointing into the stack for thread: 0x00007fcff00b21d0
RSI=0x00007fcff603cc48: <offset 0x0000000000ef5c48> in /nix/store/gpxl5qgg8kicmcvivwmybwjlpf7wh20l-graalvm17-ce-22.3.0/lib/server/libjvm.so at 0x00007fcff5147000
RDI=0x00000000e0000000 is an oop: java.lang.String 
{0x00000000e0000000} - klass: 'java/lang/String'
 - string: "resolution"
R8 =0x00007fcff603c398: <offset 0x0000000000ef5398> in /nix/store/gpxl5qgg8kicmcvivwmybwjlpf7wh20l-graalvm17-ce-22.3.0/lib/server/libjvm.so at 0x00007fcff5147000
R9 =0x00007fcfd5418330 is pointing into the stack for thread: 0x00007fcff00b21d0
R10=0x00007fcfd5419948 is pointing into the stack for thread: 0x00007fcff00b21d0
R11=0x0000000000000293 is an unknown value
R12=0x0 is NULL
R13=0x00007fcff00b21d0 is a thread
R14=0x00007fcff0000b80 points into unknown readable memory: 0x00007fcff626da38 | 38 da 26 f6 cf 7f 00 00
R15=0x00007fcff637be40: <offset 0x0000000001234e40> in /nix/store/gpxl5qgg8kicmcvivwmybwjlpf7wh20l-graalvm17-ce-22.3.0/lib/server/libjvm.so at 0x00007fcff5147000


Registers:
RAX=0x00007fcff4f41000, RBX=0x00007fcff603c398, RCX=0x00007fcff5ff41e8, RDX=0x0000000000000649
RSP=0x00007fcfd5418380, RBP=0x00007fcfd54183a0, RSI=0x00007fcff603cc48, RDI=0x00000000e0000000
R8 =0x00007fcff603c398, R9 =0x00007fcfd5418330, R10=0x00007fcfd5419948, R11=0x0000000000000293
R12=0x0000000000000000, R13=0x00007fcff00b21d0, R14=0x00007fcff0000b80, R15=0x00007fcff637be40
RIP=0x00007fcff5ab9714, EFLAGS=0x0000000000010206, CSGSFS=0x002b000000000033, ERR=0x0000000000000006
  TRAPNO=0x000000000000000e

Top of Stack: (sp=0x00007fcfd5418380)
0x00007fcfd5418380:   00007fcfd5418940 00007fcff00b21d0
0x00007fcfd5418390:   00007fcff48d28c8 0000000800c413b0
0x00007fcfd54183a0:   00007fcfd5418500 00007fcff5a852fe
0x00007fcfd54183b0:   00007fcfd54183e0 00007fcfd5418440 

Instructions: (pc=0x00007fcff5ab9714)
0x00007fcff5ab9614:   30 e8 f6 cf e8 ff 4c 89 e7 e8 2e 48 d1 ff 84 db
0x00007fcff5ab9624:   75 2a 4d 85 ed 74 04 4d 8b 6d 00 48 83 c4 08 44
0x00007fcff5ab9634:   89 f9 4c 89 f2 4c 89 ee 5b 4c 89 e7 41 5c 41 5d
0x00007fcff5ab9644:   41 5e 41 5f 5d e9 e2 47 d1 ff 66 90 48 83 c4 08
0x00007fcff5ab9654:   5b 41 5c 41 5d 41 5e 41 5f 5d c3 90 31 d2 be 08
0x00007fcff5ab9664:   00 00 00 4c 89 ff e8 b1 78 a3 ff 49 89 c5 e9 37
0x00007fcff5ab9674:   ff ff ff 66 0f 1f 84 00 00 00 00 00 48 8b 7a 08
0x00007fcff5ab9684:   e9 6d ff ff ff 0f 1f 80 00 00 00 00 e8 5b 48 0a
0x00007fcff5ab9694:   00 84 c0 75 89 e9 6a ff ff ff 66 90 55 48 89 e5
0x00007fcff5ab96a4:   41 56 41 55 41 54 49 89 fc 53 48 89 f3 66 48 8d
0x00007fcff5ab96b4:   3d 27 5e 85 00 66 66 48 e8 df 43 8d ff 4c 8b 28
0x00007fcff5ab96c4:   8b 05 be 72 8a 00 85 c0 75 14 ba 01 00 00 00 48
0x00007fcff5ab96d4:   8d 0d ae 72 8a 00 f0 0f b1 11 85 c0 74 4e be c8
0x00007fcff5ab96e4:   00 00 00 4c 89 ef e8 01 0b 41 00 48 8d 05 12 ac
0x00007fcff5ab96f4:   85 00 49 89 d8 48 8d 0d e8 aa 53 00 ba 49 06 00
0x00007fcff5ab9704:   00 48 8d 35 3c 35 58 00 bf 00 00 00 e0 48 8b 00
0x00007fcff5ab9714:   c6 00 58 31 c0 e8 e2 91 c6 ff 5b 41 5c 41 5d 41
0x00007fcff5ab9724:   5e 5d e9 55 34 26 00 0f 1f 44 00 00 48 8d 05 81
0x00007fcff5ab9734:   a3 8b 00 48 89 df 4c 8b 30 e8 9e 43 8d ff 48 89
0x00007fcff5ab9744:   de 48 89 c2 49 8b 06 4c 89 f7 ff 50 08 4c 89 f7
0x00007fcff5ab9754:   e8 a7 5c 27 00 4d 85 e4 74 12 be 01 00 00 00 4c
0x00007fcff5ab9764:   89 e7 e8 35 43 fc ff eb 82 0f 1f 00 be 01 00 00
0x00007fcff5ab9774:   00 4c 89 ef e8 d3 fd ff ff e9 6d ff ff ff 66 66
0x00007fcff5ab9784:   2e 0f 1f 84 00 00 00 00 00 0f 1f 00 55 48 89 e5
0x00007fcff5ab9794:   41 57 41 56 41 55 41 54 53 48 81 ec 08 02 00 00
0x00007fcff5ab97a4:   64 48 8b 04 25 28 00 00 00 48 89 45 c8 8b 07 83
0x00007fcff5ab97b4:   f8 02 0f 84 11 04 00 00 4c 8b 6f 18 49 89 ff 49
0x00007fcff5ab97c4:   89 f4 4d 85 ed 74 14 4c 89 ef e8 5d 57 22 00 41
0x00007fcff5ab97d4:   8b 07 83 f8 02 0f 84 19 04 00 00 48 8d 1d 9a 06
0x00007fcff5ab97e4:   8a 00 4c 8d 35 0b 3c 58 00 eb 38 90 48 85 d2 7f
0x00007fcff5ab97f4:   0d 48 8d 05 b4 c0 85 00 48 83 38 00 7e 0e 41 8b
0x00007fcff5ab9804:   77 2c 4c 89 f7 31 c0 e8 a0 b2 f7 ff 49 8b 7f 18 


Stack slot to memory mapping:
stack at sp + 0 slots: 0x00007fcfd5418940 is pointing into the stack for thread: 0x00007fcff00b21d0
stack at sp + 1 slots: 0x00007fcff00b21d0 is a thread
stack at sp + 2 slots: 0x00007fcff48d28c8 points into unknown readable memory: 0x6573001880c9ffff | ff ff c9 80 18 00 73 65
stack at sp + 3 slots: 0x0000000800c413b0 is a pointer to class: 
jdk.vm.ci.services.Services {0x0000000800c413b0}
 - instance size:     2
 - klass size:        65
 - access:            public final synchronized 
 - state:             fully_initialized
 - name:              'jdk/vm/ci/services/Services'
 - super:             'java/lang/Object'
 - sub:               
 - arrays:            NULL
 - methods:           Array<T>(0x00007fcfd5c3e580)
 - method ordering:   Array<T>(0x0000000800928960)
 - default_methods:   Array<T>(0x0000000000000000)
 - local interfaces:  Array<T>(0x00000008005ce810)
 - trans. interfaces: Array<T>(0x00000008005ce810)
 - constants:         constant pool [427] {0x00007fcfd5c3d468} for 'jdk/vm/ci/services/Services' cache=0x00007fcfd5c3fab8
 - class loader data:  loader data: 0x00007fcff00283f0 of 'bootstrap'
 - source file:       'Services.java'
 - class annotations:       Array<T>(0x0000000000000000)
 - class type annotations:  Array<T>(0x0000000000000000)
 - field annotations:       Array<T>(0x0000000000000000)
 - field type annotations:  Array<T>(0x0000000000000000)
 - inner classes:     Array<T>(0x00007fcfd5c3f900)
 - nest members:     Array<T>(0x00007fcfd5c3f920)
 - permitted subclasses:     Array<T>(0x00000008005ce7a0)
 - java mirror:       a 'java/lang/Class'{0x00000000e01483d0} = 'jdk/vm/ci/services/Services'
 - vtable length      5  (start addr: 0x0000000800c41580)
 - itable length      2 (start addr: 0x0000000800c415a8)
 - ---- static fields (3 words):
 - public static final 'IS_BUILDING_NATIVE_IMAGE' 'Z' @128 
 - public static final 'IS_IN_NATIVE_IMAGE' 'Z' @129 
 - private static volatile 'savedProperties' 'Ljava/util/Map;' @112 
 - static final 'JVMCI_ENABLED' 'Z' @130 
 - private static final 'servicesCache' 'Ljava/util/Map;' @116 
 - private static final 'MAX_UNICODE_IN_UTF8_LENGTH' 'I' @120 
 - private static final 'MAX_UTF8_PROPERTY_STRING_LENGTH' 'I' @124 
 - ---- non-static fields (0 words):
 - non-static oop maps: 
stack at sp + 4 slots: 0x00007fcfd5418500 is pointing into the stack for thread: 0x00007fcff00b21d0
stack at sp + 5 slots: 0x00007fcff5a852fe: <offset 0x000000000093e2fe> in /nix/store/gpxl5qgg8kicmcvivwmybwjlpf7wh20l-graalvm17-ce-22.3.0/lib/server/libjvm.so at 0x00007fcff5147000
stack at sp + 6 slots: 0x00007fcfd54183e0 is pointing into the stack for thread: 0x00007fcff00b21d0
stack at sp + 7 slots: 0x00007fcfd5418440 is pointing into the stack for thread: 0x00007fcff00b21d0


---------------  P R O C E S S  ---------------

Threads class SMR info:
_java_thread_list=0x00007fcf54185e40, length=31, elements={
0x00007fcff0026690, 0x00007fcff00a64d0, 0x00007fcff00a7910, 0x00007fcff00ae040,
0x00007fcff00af3f0, 0x00007fcff00b07e0, 0x00007fcff00b21d0, 0x00007fcff00b36e0,
0x00007fcff00b4b30, 0x00007fcff00dfa60, 0x00007fcff0127c10, 0x00007fcff034c350,
0x00007fcff037ffd0, 0x00007fcff0381f10, 0x00007fcff0634cd0, 0x00007fcf84017020,
0x00007fcf842c6eb0, 0x00007fcf780010d0, 0x00007fcf844a4bb0, 0x00007fcf846756d0,
0x00007fcff04abf10, 0x00007fcf6c000ff0, 0x00007fcff03fe0e0, 0x00007fcf58428320,
0x00007fcf58428a90, 0x00007fcf80003f50, 0x00007fcf5842d310, 0x00007fcf54180760,
0x00007fcf541869d0, 0x00007fcf5414ed30, 0x00007fcf5418da90
}

Java Threads: ( => current thread )
  0x00007fcff0026690 JavaThread "main" [_thread_blocked, id=38, stack(0x00007fcff4f62000,0x00007fcff5062000)]
  0x00007fcff00a64d0 JavaThread "Reference Handler" daemon [_thread_blocked, id=41, stack(0x00007fcfd5b00000,0x00007fcfd5c00000)]
  0x00007fcff00a7910 JavaThread "Finalizer" daemon [_thread_blocked, id=42, stack(0x00007fcfd5a00000,0x00007fcfd5b00000)]
  0x00007fcff00ae040 JavaThread "Signal Dispatcher" daemon [_thread_blocked, id=43, stack(0x00007fcfd561a000,0x00007fcfd571a000)]
  0x00007fcff00af3f0 JavaThread "Service Thread" daemon [_thread_blocked, id=44, stack(0x00007fcfd551a000,0x00007fcfd561a000)]
  0x00007fcff00b07e0 JavaThread "Monitor Deflation Thread" daemon [_thread_blocked, id=45, stack(0x00007fcfd541a000,0x00007fcfd551a000)]
=>0x00007fcff00b21d0 JavaThread "JVMCI-native CompilerThread0" daemon [_thread_in_vm, id=46, stack(0x00007fcfd521a000,0x00007fcfd541a000)]
  0x00007fcff00b36e0 JavaThread "C1 CompilerThread0" daemon [_thread_blocked, id=47, stack(0x00007fcfd501a000,0x00007fcfd521a000)]
  0x00007fcff00b4b30 JavaThread "Sweeper thread" daemon [_thread_blocked, id=48, stack(0x00007fcfd4f1a000,0x00007fcfd501a000)]
  0x00007fcff00dfa60 JavaThread "Common-Cleaner" daemon [_thread_blocked, id=49, stack(0x00007fcfd4e1a000,0x00007fcfd4f1a000)]
  0x00007fcff0127c10 JavaThread "Notification Thread" daemon [_thread_blocked, id=50, stack(0x00007fcfd4d1a000,0x00007fcfd4e1a000)]
  0x00007fcff034c350 JavaThread "Active Thread: Equinox Container: ad0ad6ca-c163-4e0d-9586-5b447579213b" [_thread_blocked, id=55, stack(0x00007fcfd4a00000,0x00007fcfd4b00000)]
  0x00007fcff037ffd0 JavaThread "Framework Event Dispatcher: Equinox Container: ad0ad6ca-c163-4e0d-9586-5b447579213b" daemon [_thread_blocked, id=62, stack(0x00007fcfd4800000,0x00007fcfd4900000)]
  0x00007fcff0381f10 JavaThread "Start Level: Equinox Container: ad0ad6ca-c163-4e0d-9586-5b447579213b" daemon [_thread_blocked, id=63, stack(0x00007fcfd4600000,0x00007fcfd4700000)]
  0x00007fcff0634cd0 JavaThread "Refresh Thread: Equinox Container: ad0ad6ca-c163-4e0d-9586-5b447579213b" daemon [_thread_blocked, id=66, stack(0x00007fcfd4400000,0x00007fcfd4500000)]
  0x00007fcf84017020 JavaThread "SCR Component Actor" daemon [_thread_blocked, id=67, stack(0x00007fcfd4200000,0x00007fcfd4300000)]
  0x00007fcf842c6eb0 JavaThread "Worker-JM" [_thread_blocked, id=77, stack(0x00007fcf9c900000,0x00007fcf9ca00000)]
  0x00007fcf780010d0 JavaThread "Worker-1" [_thread_blocked, id=79, stack(0x00007fcf9c500000,0x00007fcf9c600000)]
  0x00007fcf844a4bb0 JavaThread "Java indexing" daemon [_thread_blocked, id=80, stack(0x00007fcf9c300000,0x00007fcf9c400000)]
  0x00007fcf846756d0 JavaThread "Bundle File Closer" daemon [_thread_blocked, id=81, stack(0x00007fcf9c100000,0x00007fcf9c200000)]
  0x00007fcff04abf10 JavaThread "pool-3-thread-1" [_thread_blocked, id=90, stack(0x00007fcf9bf00000,0x00007fcf9c000000)]
  0x00007fcf6c000ff0 JavaThread "Worker-2" [_thread_blocked, id=91, stack(0x00007fcf9bd00000,0x00007fcf9be00000)]
  0x00007fcff03fe0e0 JavaThread "pool-2-thread-1" [_thread_blocked, id=92, stack(0x00007fcf9bb00000,0x00007fcf9bc00000)]
  0x00007fcf58428320 JavaThread "OkHttp repo.maven.apache.org" [_thread_in_native, id=148, stack(0x00007fcfd4000000,0x00007fcfd4100000)]
  0x00007fcf58428a90 JavaThread "OkHttp ConnectionPool" daemon [_thread_blocked, id=149, stack(0x00007fcf9c600000,0x00007fcf9c700000)]
  0x00007fcf80003f50 JavaThread "OkHttp repo.maven.apache.org Writer" [_thread_blocked, id=150, stack(0x00007fcf9c400000,0x00007fcf9c500000)]
  0x00007fcf5842d310 JavaThread "Okio Watchdog" daemon [_thread_blocked, id=152, stack(0x00007fcf9b300000,0x00007fcf9b400000)]
  0x00007fcf54180760 JavaThread "Thread-19" [_thread_blocked, id=482, stack(0x00007fcf9b500000,0x00007fcf9b600000)]
  0x00007fcf541869d0 JavaThread "Thread-20" [_thread_blocked, id=681, stack(0x00007fcf9b700000,0x00007fcf9b800000)]
  0x00007fcf5414ed30 JavaThread "Thread-21" [_thread_blocked, id=858, stack(0x00007fcf9c700000,0x00007fcf9c800000)]
  0x00007fcf5418da90 JavaThread "Thread-22" [_thread_blocked, id=1094, stack(0x00007fcf9b900000,0x00007fcf9ba00000)]

Other Threads:
  0x00007fcff00a1c10 VMThread "VM Thread" [stack: 0x00007fcff407b000,0x00007fcff417b000] [id=40] _threads_hazard_ptr=0x00007fcf54185e40
  0x00007fcff01295b0 WatcherThread [stack: 0x00007fcfd4c1a000,0x00007fcfd4d1a000] [id=51]
  0x00007fcff003df30 GCTaskThread "GC Thread#0" [stack: 0x00007fcff4b25000,0x00007fcff4c25000] [id=39]

Threads with active compile tasks:
JVMCI-native CompilerThread0   289944 9419       4       java.util.concurrent.locks.AbstractQueuedSynchronizer::acquireShared (20 bytes)

VM state: synchronizing (normal execution)

VM Mutex/Monitor currently owned by a thread:  ([mutex/lock_event])
[0x00007fcff0023840] Threads_lock - owner thread: 0x00007fcff00a1c10
[0x00007fcff0023ff0] Heap_lock - owner thread: 0x00007fcf844a4bb0

OutOfMemory and StackOverflow Exception counts:
OutOfMemoryError java_heap_errors=3
LinkageErrors=62

Heap address: 0x00000000e0000000, size: 512 MB, Compressed Oops mode: 32-bit

CDS archive(s) mapped at: [0x0000000800000000-0x0000000800bc8000-0x0000000800bc8000), size 12353536, SharedBaseAddress: 0x0000000800000000, ArchiveRelocationMode: 0.
Compressed class space mapped at: 0x0000000800c00000-0x0000000840c00000, reserved size: 1073741824
Narrow klass base: 0x0000000800000000, Narrow klass shift: 0, Narrow klass range: 0x100000000

GC Precious Log:
 CPUs: 8 total, 1 available
 Memory: 1024M
 Large Page Support: Disabled
 NUMA Support: Disabled
 Compressed Oops: Enabled (32-bit)
 Alignments: Space 512K, Generation 512K, Heap 2M
 Heap Min Capacity: 100M
 Heap Initial Capacity: 100M
 Heap Max Capacity: 512M
 Pre-touch: Disabled
 Parallel Workers: 1

Heap:
 PSYoungGen      total 39424K, used 27648K [0x00000000f5580000, 0x00000000f9f00000, 0x0000000100000000)
  eden space 27648K, 100% used [0x00000000f5580000,0x00000000f7080000,0x00000000f7080000)
  from space 11776K, 0% used [0x00000000f7080000,0x00000000f7080000,0x00000000f7c00000)
  to   space 22528K, 0% used [0x00000000f8900000,0x00000000f8900000,0x00000000f9f00000)
 ParOldGen       total 349696K, used 349694K [0x00000000e0000000, 0x00000000f5580000, 0x00000000f5580000)
  object space 349696K, 99% used [0x00000000e0000000,0x00000000f557fbe8,0x00000000f5580000)
 Metaspace       used 60796K, committed 62016K, reserved 1105920K
  class space    used 5996K, committed 6464K, reserved 1048576K

Card table byte_map: [0x00007fcff4c25000,0x00007fcff4d26000] _byte_map_base: 0x00007fcff4525000

Marking Bits: (ParMarkBitMap*) 0x00007fcff63754c0
 Begin Bits: [0x00007fcfd64b3000, 0x00007fcfd6cb3000)
 End Bits:   [0x00007fcfd6cb3000, 0x00007fcfd74b3000)

Polling page: 0x00007fcff4f3f000

Metaspace:

Usage:
  Non-class:     53.52 MB used.
      Class:      5.86 MB used.
       Both:     59.37 MB used.

Virtual space:
  Non-class space:       56.00 MB reserved,      54.25 MB ( 97%) committed,  7 nodes.
      Class space:        1.00 GB reserved,       6.31 MB ( <1%) committed,  1 nodes.
             Both:        1.05 GB reserved,      60.56 MB (  6%) committed. 

Chunk freelists:
   Non-Class:  1.28 MB
       Class:  1.61 MB
        Both:  2.89 MB

MaxMetaspaceSize: unlimited
CompressedClassSpaceSize: 1.00 GB
Initial GC threshold: 21.00 MB
Current GC threshold: 100.75 MB
CDS: on
MetaspaceReclaimPolicy: balanced
 - commit_granule_bytes: 65536.
 - commit_granule_words: 8192.
 - virtual_space_node_default_size: 1048576.
 - enlarge_chunks_in_place: 1.
 - new_chunks_are_fully_committed: 0.
 - uncommit_free_chunks: 1.
 - use_allocation_guard: 0.
 - handle_deallocations: 1.


Internal statistics:

num_allocs_failed_limit: 6.
num_arena_births: 494.
num_arena_deaths: 150.
num_vsnodes_births: 8.
num_vsnodes_deaths: 0.
num_space_committed: 968.
num_space_uncommitted: 0.
num_chunks_returned_to_freelist: 212.
num_chunks_taken_from_freelist: 2863.
num_chunk_merges: 82.
num_chunk_splits: 1869.
num_chunks_enlarged: 1205.
num_purges: 2.
num_inconsistent_stats: 0.

CodeHeap 'non-profiled nmethods': size=120036Kb used=2617Kb max_used=2617Kb free=117418Kb
 bounds [0x00007fcfdef7a000, 0x00007fcfdf20a000, 0x00007fcfe64b3000]
CodeHeap 'profiled nmethods': size=120032Kb used=16003Kb max_used=16003Kb free=104028Kb
 bounds [0x00007fcfd7a42000, 0x00007fcfd89f2000, 0x00007fcfdef7a000]
CodeHeap 'non-nmethods': size=5692Kb used=1394Kb max_used=1407Kb free=4297Kb
 bounds [0x00007fcfd74b3000, 0x00007fcfd7723000, 0x00007fcfd7a42000]
 total_blobs=7970 nmethods=7243 adapters=634
 compilation: enabled
              stopped_count=0, restarted_count=0
 full_count=0

JVMCI Events (20 events):
Event: 193.243 Thread 0x00007fcff00b21d0 compacted oop handles in JVMCI runtime 0 from 73 to 73
Event: 193.243 Thread 0x00007fcff00b21d0 releasing handles for JVMCI runtime 0: oop handles=73, metadata handles={total=128, live=127, blocks=39}
Event: 193.243 Thread 0x00007fcff00b21d0 detached from JVMCI runtime 0
Event: 247.865 Thread 0x00007fcff00b21d0 attached to JVMCI runtime 0
Event: 247.866 Thread 0x00007fcff00b21d0 created JavaVM[4]@0x00007fcf99f9e340 for JVMCI runtime 0
Event: 249.035 Thread 0x00007fcff00b21d0 initializing JVMCI runtime 0
Event: 249.035 Thread 0x00007fcff00b21d0 done waiting for JavaVM references initialization in JVMCI runtime 0
Event: 256.759 Thread 0x00007fcff00b21d0 initialized JVMCI runtime 0
Event: 261.150 Thread 0x00007fcff00b21d0 compacted oop handles in JVMCI runtime 0 from 43 to 42
Event: 262.177 Thread 0x00007fcff00b21d0 detaching from JVMCI runtime 0: releasing idle compiler thread (0 other threads still attached)
Event: 262.177 Thread 0x00007fcff00b21d0 shutting down HotSpotJVMCIRuntime for JVMCI runtime 0
Event: 262.177 Thread 0x00007fcff00b21d0 shut down JVMCI runtime 0
Event: 262.178 Thread 0x00007fcff00b21d0 destroyed JavaVM[4]@0x00007fcf99f9e340 for JVMCI runtime 0
Event: 262.178 Thread 0x00007fcff00b21d0 compacted oop handles in JVMCI runtime 0 from 42 to 42
Event: 262.178 Thread 0x00007fcff00b21d0 releasing handles for JVMCI runtime 0: oop handles=42, metadata handles={total=86, live=75, blocks=39}
Event: 262.178 Thread 0x00007fcff00b21d0 detached from JVMCI runtime 0
Event: 266.355 Thread 0x00007fcff00b21d0 attached to JVMCI runtime 0
Event: 266.356 Thread 0x00007fcff00b21d0 created JavaVM[5]@0x00007fcf99f9e340 for JVMCI runtime 0
Event: 267.446 Thread 0x00007fcff00b21d0 initializing JVMCI runtime 0
Event: 267.446 Thread 0x00007fcff00b21d0 done waiting for JavaVM references initialization in JVMCI runtime 0

Compilation events (20 events):
Event: 186.646 Thread 0x00007fcff00b21d0 nmethod 9408 0x00007fcfdf207f90 code [0x00007fcfdf208120, 0x00007fcfdf208280]
Event: 211.283 Thread 0x00007fcff00b36e0 9410       3       jdk.internal.misc.Unsafe::putReferenceOpaque (9 bytes)
Event: 211.283 Thread 0x00007fcff00b36e0 nmethod 9410 0x00007fcfd89dd910 code [0x00007fcfd89ddaa0, 0x00007fcfd89ddbd0]
Event: 222.734 Thread 0x00007fcff00b36e0 9411       3       java.util.concurrent.Executors$RunnableAdapter::call (14 bytes)
Event: 222.734 Thread 0x00007fcff00b36e0 nmethod 9411 0x00007fcfd89ddc90 code [0x00007fcfd89dde40, 0x00007fcfd89de180]
Event: 236.433 Thread 0x00007fcff00b36e0 9412       3       sun.util.locale.provider.DateFormatSymbolsProviderImpl::getInstance (21 bytes)
Event: 238.449 Thread 0x00007fcff00b36e0 nmethod 9412 0x00007fcfd89de290 code [0x00007fcfd89de460, 0x00007fcfd89de710]
Event: 238.449 Thread 0x00007fcff00b36e0 9413       3       java.text.DateFormatSymbols::<init> (60 bytes)
Event: 241.236 Thread 0x00007fcff00b36e0 nmethod 9413 0x00007fcfd89de810 code [0x00007fcfd89de9c0, 0x00007fcfd89dec00]
Event: 246.680 Thread 0x00007fcff00b36e0 9415       3       java.util.concurrent.locks.LockSupport::setBlocker (12 bytes)
Event: 247.865 Thread 0x00007fcff00b21d0 9416       4       java.lang.CharacterDataLatin1::digit (32 bytes)
Event: 249.035 Thread 0x00007fcff00b36e0 nmethod 9415 0x00007fcfd89ded10 code [0x00007fcfd89deec0, 0x00007fcfd89defe0]
Event: 261.150 Thread 0x00007fcff00b21d0 nmethod 9416 0x00007fcfdf208410 code [0x00007fcfdf208580, 0x00007fcfdf208640]
Event: 266.355 Thread 0x00007fcff00b21d0 9419       4       java.util.concurrent.locks.AbstractQueuedSynchronizer::acquireShared (20 bytes)
Event: 269.559 Thread 0x00007fcff00b36e0 9420   !   3       org.eclipse.core.internal.registry.ConfigurationElement::createExecutableExtension (419 bytes)
Event: 271.833 Thread 0x00007fcff00b36e0 nmethod 9420 0x00007fcfd89df090 code [0x00007fcfd89df740, 0x00007fcfd89e3a90]
Event: 271.834 Thread 0x00007fcff00b36e0 9422       3       java.util.concurrent.locks.ReentrantReadWriteLock::readLock (5 bytes)
Event: 271.834 Thread 0x00007fcff00b36e0 nmethod 9422 0x00007fcfd89e5010 code [0x00007fcfd89e51a0, 0x00007fcfd89e52b0]
Event: 271.834 Thread 0x00007fcff00b36e0 9421       3       org.eclipse.core.internal.registry.ExtensionRegistry::createExecutableExtension (11 bytes)
Event: 271.834 Thread 0x00007fcff00b36e0 nmethod 9421 0x00007fcfd89e5390 code [0x00007fcfd89e5540, 0x00007fcfd89e5860]

GC Heap History (20 events):
Event: 279.248 GC heap before
{Heap before GC invocations=356 (full 214):
 PSYoungGen      total 39424K, used 27647K [0x00000000f5580000, 0x00000000f9f00000, 0x0000000100000000)
  eden space 27648K, 99% used [0x00000000f5580000,0x00000000f707fff8,0x00000000f7080000)
  from space 11776K, 0% used [0x00000000f7080000,0x00000000f7080000,0x00000000f7c00000)
  to   space 22528K, 0% used [0x00000000f8900000,0x00000000f8900000,0x00000000f9f00000)
 ParOldGen       total 349696K, used 349695K [0x00000000e0000000, 0x00000000f5580000, 0x00000000f5580000)
  object space 349696K, 99% used [0x00000000e0000000,0x00000000f557fff0,0x00000000f5580000)
 Metaspace       used 60796K, committed 62016K, reserved 1105920K
  class space    used 5996K, committed 6464K, reserved 1048576K
}
Event: 280.344 GC heap after
{Heap after GC invocations=356 (full 214):
 PSYoungGen      total 50176K, used 27647K [0x00000000f5580000, 0x00000000f9f00000, 0x0000000100000000)
  eden space 27648K, 99% used [0x00000000f5580000,0x00000000f707ffb8,0x00000000f7080000)
  from space 22528K, 0% used [0x00000000f8900000,0x00000000f8900000,0x00000000f9f00000)
  to   space 11776K, 0% used [0x00000000f7080000,0x00000000f7080000,0x00000000f7c00000)
 ParOldGen       total 349696K, used 349695K [0x00000000e0000000, 0x00000000f5580000, 0x00000000f5580000)
  object space 349696K, 99% used [0x00000000e0000000,0x00000000f557fdf0,0x00000000f5580000)
 Metaspace       used 60796K, committed 62016K, reserved 1105920K
  class space    used 5996K, committed 6464K, reserved 1048576K
}
Event: 280.345 GC heap before
{Heap before GC invocations=357 (full 215):
 PSYoungGen      total 50176K, used 27648K [0x00000000f5580000, 0x00000000f9f00000, 0x0000000100000000)
  eden space 27648K, 100% used [0x00000000f5580000,0x00000000f7080000,0x00000000f7080000)
  from space 22528K, 0% used [0x00000000f8900000,0x00000000f8900000,0x00000000f9f00000)
  to   space 11776K, 0% used [0x00000000f7080000,0x00000000f7080000,0x00000000f7c00000)
 ParOldGen       total 349696K, used 349696K [0x00000000e0000000, 0x00000000f5580000, 0x00000000f5580000)
  object space 349696K, 100% used [0x00000000e0000000,0x00000000f5580000,0x00000000f5580000)
 Metaspace       used 60796K, committed 62016K, reserved 1105920K
  class space    used 5996K, committed 6464K, reserved 1048576K
}
Event: 281.442 GC heap after
{Heap after GC invocations=357 (full 215):
 PSYoungGen      total 39424K, used 27647K [0x00000000f5580000, 0x00000000f9f00000, 0x0000000100000000)
  eden space 27648K, 99% used [0x00000000f5580000,0x00000000f707ffe8,0x00000000f7080000)
  from space 11776K, 0% used [0x00000000f7080000,0x00000000f7080000,0x00000000f7c00000)
  to   space 22528K, 0% used [0x00000000f8900000,0x00000000f8900000,0x00000000f9f00000)
 ParOldGen       total 349696K, used 349695K [0x00000000e0000000, 0x00000000f5580000, 0x00000000f5580000)
  object space 349696K, 99% used [0x00000000e0000000,0x00000000f557ffd0,0x00000000f5580000)
 Metaspace       used 60796K, committed 62016K, reserved 1105920K
  class space    used 5996K, committed 6464K, reserved 1048576K
}
Event: 281.442 GC heap before
{Heap before GC invocations=358 (full 216):
 PSYoungGen      total 39424K, used 27648K [0x00000000f5580000, 0x00000000f9f00000, 0x0000000100000000)
  eden space 27648K, 100% used [0x00000000f5580000,0x00000000f7080000,0x00000000f7080000)
  from space 11776K, 0% used [0x00000000f7080000,0x00000000f7080000,0x00000000f7c00000)
  to   space 22528K, 0% used [0x00000000f8900000,0x00000000f8900000,0x00000000f9f00000)
 ParOldGen       total 349696K, used 349695K [0x00000000e0000000, 0x00000000f5580000, 0x00000000f5580000)
  object space 349696K, 99% used [0x00000000e0000000,0x00000000f557ffd0,0x00000000f5580000)
 Metaspace       used 60796K, committed 62016K, reserved 1105920K
  class space    used 5996K, committed 6464K, reserved 1048576K
}
Event: 282.452 GC heap after
{Heap after GC invocations=358 (full 216):
 PSYoungGen      total 50176K, used 27648K [0x00000000f5580000, 0x00000000f9f00000, 0x0000000100000000)
  eden space 27648K, 100% used [0x00000000f5580000,0x00000000f7080000,0x00000000f7080000)
  from space 22528K, 0% used [0x00000000f8900000,0x00000000f8900000,0x00000000f9f00000)
  to   space 11776K, 0% used [0x00000000f7080000,0x00000000f7080000,0x00000000f7c00000)
 ParOldGen       total 349696K, used 349695K [0x00000000e0000000, 0x00000000f5580000, 0x00000000f5580000)
  object space 349696K, 99% used [0x00000000e0000000,0x00000000f557ffd0,0x00000000f5580000)
 Metaspace       used 60796K, committed 62016K, reserved 1105920K
  class space    used 5996K, committed 6464K, reserved 1048576K
}
Event: 282.452 GC heap before
{Heap before GC invocations=359 (full 217):
 PSYoungGen      total 50176K, used 27648K [0x00000000f5580000, 0x00000000f9f00000, 0x0000000100000000)
  eden space 27648K, 100% used [0x00000000f5580000,0x00000000f7080000,0x00000000f7080000)
  from space 22528K, 0% used [0x00000000f8900000,0x00000000f8900000,0x00000000f9f00000)
  to   space 11776K, 0% used [0x00000000f7080000,0x00000000f7080000,0x00000000f7c00000)
 ParOldGen       total 349696K, used 349696K [0x00000000e0000000, 0x00000000f5580000, 0x00000000f5580000)
  object space 349696K, 100% used [0x00000000e0000000,0x00000000f5580000,0x00000000f5580000)
 Metaspace       used 60796K, committed 62016K, reserved 1105920K
  class space    used 5996K, committed 6464K, reserved 1048576K
}
Event: 283.543 GC heap after
{Heap after GC invocations=359 (full 217):
 PSYoungGen      total 39424K, used 27647K [0x00000000f5580000, 0x00000000f9f00000, 0x0000000100000000)
  eden space 27648K, 99% used [0x00000000f5580000,0x00000000f707ffe8,0x00000000f7080000)
  from space 11776K, 0% used [0x00000000f7080000,0x00000000f7080000,0x00000000f7c00000)
  to   space 22528K, 0% used [0x00000000f8900000,0x00000000f8900000,0x00000000f9f00000)
 ParOldGen       total 349696K, used 349696K [0x00000000e0000000, 0x00000000f5580000, 0x00000000f5580000)
  object space 349696K, 100% used [0x00000000e0000000,0x00000000f5580000,0x00000000f5580000)
 Metaspace       used 60796K, committed 62016K, reserved 1105920K
  class space    used 5996K, committed 6464K, reserved 1048576K
}
Event: 283.544 GC heap before
{Heap before GC invocations=360 (full 218):
 PSYoungGen      total 39424K, used 27647K [0x00000000f5580000, 0x00000000f9f00000, 0x0000000100000000)
  eden space 27648K, 99% used [0x00000000f5580000,0x00000000f707ffe8,0x00000000f7080000)
  from space 11776K, 0% used [0x00000000f7080000,0x00000000f7080000,0x00000000f7c00000)
  to   space 22528K, 0% used [0x00000000f8900000,0x00000000f8900000,0x00000000f9f00000)
 ParOldGen       total 349696K, used 349696K [0x00000000e0000000, 0x00000000f5580000, 0x00000000f5580000)
  object space 349696K, 100% used [0x00000000e0000000,0x00000000f5580000,0x00000000f5580000)
 Metaspace       used 60796K, committed 62016K, reserved 1105920K
  class space    used 5996K, committed 6464K, reserved 1048576K
}
Event: 284.531 GC heap after
{Heap after GC invocations=360 (full 218):
 PSYoungGen      total 50176K, used 27647K [0x00000000f5580000, 0x00000000f9f00000, 0x0000000100000000)
  eden space 27648K, 99% used [0x00000000f5580000,0x00000000f707ffe8,0x00000000f7080000)
  from space 22528K, 0% used [0x00000000f8900000,0x00000000f8900000,0x00000000f9f00000)
  to   space 11776K, 0% used [0x00000000f7080000,0x00000000f7080000,0x00000000f7c00000)
 ParOldGen       total 349696K, used 349696K [0x00000000e0000000, 0x00000000f5580000, 0x00000000f5580000)
  object space 349696K, 100% used [0x00000000e0000000,0x00000000f5580000,0x00000000f5580000)
 Metaspace       used 60796K, committed 62016K, reserved 1105920K
  class space    used 5996K, committed 6464K, reserved 1048576K
}
Event: 284.532 GC heap before
{Heap before GC invocations=361 (full 219):
 PSYoungGen      total 50176K, used 27648K [0x00000000f5580000, 0x00000000f9f00000, 0x0000000100000000)
  eden space 27648K, 100% used [0x00000000f5580000,0x00000000f7080000,0x00000000f7080000)
  from space 22528K, 0% used [0x00000000f8900000,0x00000000f8900000,0x00000000f9f00000)
  to   space 11776K, 0% used [0x00000000f7080000,0x00000000f7080000,0x00000000f7c00000)
 ParOldGen       total 349696K, used 349696K [0x00000000e0000000, 0x00000000f5580000, 0x00000000f5580000)
  object space 349696K, 100% used [0x00000000e0000000,0x00000000f5580000,0x00000000f5580000)
 Metaspace       used 60796K, committed 62016K, reserved 1105920K
  class space    used 5996K, committed 6464K, reserved 1048576K
}
Event: 285.570 GC heap after
{Heap after GC invocations=361 (full 219):
 PSYoungGen      total 39424K, used 27648K [0x00000000f5580000, 0x00000000f9f00000, 0x0000000100000000)
  eden space 27648K, 100% used [0x00000000f5580000,0x00000000f7080000,0x00000000f7080000)
  from space 11776K, 0% used [0x00000000f7080000,0x00000000f7080000,0x00000000f7c00000)
  to   space 22528K, 0% used [0x00000000f8900000,0x00000000f8900000,0x00000000f9f00000)
 ParOldGen       total 349696K, used 349696K [0x00000000e0000000, 0x00000000f5580000, 0x00000000f5580000)
  object space 349696K, 100% used [0x00000000e0000000,0x00000000f5580000,0x00000000f5580000)
 Metaspace       used 60796K, committed 62016K, reserved 1105920K
  class space    used 5996K, committed 6464K, reserved 1048576K
}
Event: 285.570 GC heap before
{Heap before GC invocations=362 (full 220):
 PSYoungGen      total 39424K, used 27648K [0x00000000f5580000, 0x00000000f9f00000, 0x0000000100000000)
  eden space 27648K, 100% used [0x00000000f5580000,0x00000000f7080000,0x00000000f7080000)
  from space 11776K, 0% used [0x00000000f7080000,0x00000000f7080000,0x00000000f7c00000)
  to   space 22528K, 0% used [0x00000000f8900000,0x00000000f8900000,0x00000000f9f00000)
 ParOldGen       total 349696K, used 349696K [0x00000000e0000000, 0x00000000f5580000, 0x00000000f5580000)
  object space 349696K, 100% used [0x00000000e0000000,0x00000000f5580000,0x00000000f5580000)
 Metaspace       used 60796K, committed 62016K, reserved 1105920K
  class space    used 5996K, committed 6464K, reserved 1048576K
}
Event: 286.578 GC heap after
{Heap after GC invocations=362 (full 220):
 PSYoungGen      total 50176K, used 27648K [0x00000000f5580000, 0x00000000f9f00000, 0x0000000100000000)
  eden space 27648K, 100% used [0x00000000f5580000,0x00000000f7080000,0x00000000f7080000)
  from space 22528K, 0% used [0x00000000f8900000,0x00000000f8900000,0x00000000f9f00000)
  to   space 11776K, 0% used [0x00000000f7080000,0x00000000f7080000,0x00000000f7c00000)
 ParOldGen       total 349696K, used 349696K [0x00000000e0000000, 0x00000000f5580000, 0x00000000f5580000)
  object space 349696K, 100% used [0x00000000e0000000,0x00000000f5580000,0x00000000f5580000)
 Metaspace       used 60796K, committed 62016K, reserved 1105920K
  class space    used 5996K, committed 6464K, reserved 1048576K
}
Event: 286.630 GC heap before
{Heap before GC invocations=363 (full 221):
 PSYoungGen      total 50176K, used 27648K [0x00000000f5580000, 0x00000000f9f00000, 0x0000000100000000)
  eden space 27648K, 100% used [0x00000000f5580000,0x00000000f7080000,0x00000000f7080000)
  from space 22528K, 0% used [0x00000000f8900000,0x00000000f8900000,0x00000000f9f00000)
  to   space 11776K, 0% used [0x00000000f7080000,0x00000000f7080000,0x00000000f7c00000)
 ParOldGen       total 349696K, used 349696K [0x00000000e0000000, 0x00000000f5580000, 0x00000000f5580000)
  object space 349696K, 100% used [0x00000000e0000000,0x00000000f5580000,0x00000000f5580000)
 Metaspace       used 60796K, committed 62016K, reserved 1105920K
  class space    used 5996K, committed 6464K, reserved 1048576K
}
Event: 287.673 GC heap after
{Heap after GC invocations=363 (full 221):
 PSYoungGen      total 39424K, used 27648K [0x00000000f5580000, 0x00000000f9f00000, 0x0000000100000000)
  eden space 27648K, 100% used [0x00000000f5580000,0x00000000f7080000,0x00000000f7080000)
  from space 11776K, 0% used [0x00000000f7080000,0x00000000f7080000,0x00000000f7c00000)
  to   space 22528K, 0% used [0x00000000f8900000,0x00000000f8900000,0x00000000f9f00000)
 ParOldGen       total 349696K, used 349693K [0x00000000e0000000, 0x00000000f5580000, 0x00000000f5580000)
  object space 349696K, 99% used [0x00000000e0000000,0x00000000f557f4a0,0x00000000f5580000)
 Metaspace       used 60796K, committed 62016K, reserved 1105920K
  class space    used 5996K, committed 6464K, reserved 1048576K
}
Event: 287.673 GC heap before
{Heap before GC invocations=364 (full 222):
 PSYoungGen      total 39424K, used 27648K [0x00000000f5580000, 0x00000000f9f00000, 0x0000000100000000)
  eden space 27648K, 100% used [0x00000000f5580000,0x00000000f7080000,0x00000000f7080000)
  from space 11776K, 0% used [0x00000000f7080000,0x00000000f7080000,0x00000000f7c00000)
  to   space 22528K, 0% used [0x00000000f8900000,0x00000000f8900000,0x00000000f9f00000)
 ParOldGen       total 349696K, used 349693K [0x00000000e0000000, 0x00000000f5580000, 0x00000000f5580000)
  object space 349696K, 99% used [0x00000000e0000000,0x00000000f557f568,0x00000000f5580000)
 Metaspace       used 60796K, committed 62016K, reserved 1105920K
  class space    used 5996K, committed 6464K, reserved 1048576K
}
Event: 288.784 GC heap after
{Heap after GC invocations=364 (full 222):
 PSYoungGen      total 50176K, used 27648K [0x00000000f5580000, 0x00000000f9f00000, 0x0000000100000000)
  eden space 27648K, 100% used [0x00000000f5580000,0x00000000f7080000,0x00000000f7080000)
  from space 22528K, 0% used [0x00000000f8900000,0x00000000f8900000,0x00000000f9f00000)
  to   space 11776K, 0% used [0x00000000f7080000,0x00000000f7080000,0x00000000f7c00000)
 ParOldGen       total 349696K, used 349693K [0x00000000e0000000, 0x00000000f5580000, 0x00000000f5580000)
  object space 349696K, 99% used [0x00000000e0000000,0x00000000f557f538,0x00000000f5580000)
 Metaspace       used 60796K, committed 62016K, reserved 1105920K
  class space    used 5996K, committed 6464K, reserved 1048576K
}
Event: 288.784 GC heap before
{Heap before GC invocations=365 (full 223):
 PSYoungGen      total 50176K, used 27648K [0x00000000f5580000, 0x00000000f9f00000, 0x0000000100000000)
  eden space 27648K, 100% used [0x00000000f5580000,0x00000000f7080000,0x00000000f7080000)
  from space 22528K, 0% used [0x00000000f8900000,0x00000000f8900000,0x00000000f9f00000)
  to   space 11776K, 0% used [0x00000000f7080000,0x00000000f7080000,0x00000000f7c00000)
 ParOldGen       total 349696K, used 349693K [0x00000000e0000000, 0x00000000f5580000, 0x00000000f5580000)
  object space 349696K, 99% used [0x00000000e0000000,0x00000000f557f538,0x00000000f5580000)
 Metaspace       used 60796K, committed 62016K, reserved 1105920K
  class space    used 5996K, committed 6464K, reserved 1048576K
}
Event: 289.865 GC heap after
{Heap after GC invocations=365 (full 223):
 PSYoungGen      total 39424K, used 27648K [0x00000000f5580000, 0x00000000f9f00000, 0x0000000100000000)
  eden space 27648K, 100% used [0x00000000f5580000,0x00000000f7080000,0x00000000f7080000)
  from space 11776K, 0% used [0x00000000f7080000,0x00000000f7080000,0x00000000f7c00000)
  to   space 22528K, 0% used [0x00000000f8900000,0x00000000f8900000,0x00000000f9f00000)
 ParOldGen       total 349696K, used 349693K [0x00000000e0000000, 0x00000000f5580000, 0x00000000f5580000)
  object space 349696K, 99% used [0x00000000e0000000,0x00000000f557f538,0x00000000f5580000)
 Metaspace       used 60796K, committed 62016K, reserved 1105920K
  class space    used 5996K, committed 6464K, reserved 1048576K
}

Dll operation events (9 events):
Event: 0.001 Loaded shared library /nix/store/gpxl5qgg8kicmcvivwmybwjlpf7wh20l-graalvm17-ce-22.3.0/lib/libjava.so
Event: 0.006 Loaded shared library /nix/store/gpxl5qgg8kicmcvivwmybwjlpf7wh20l-graalvm17-ce-22.3.0/lib/libjsvml.so
Event: 0.055 Loaded shared library /nix/store/gpxl5qgg8kicmcvivwmybwjlpf7wh20l-graalvm17-ce-22.3.0/lib/libjvmcicompiler.so
Event: 0.128 Loaded shared library /nix/store/gpxl5qgg8kicmcvivwmybwjlpf7wh20l-graalvm17-ce-22.3.0/lib/libnio.so
Event: 0.131 Loaded shared library /nix/store/gpxl5qgg8kicmcvivwmybwjlpf7wh20l-graalvm17-ce-22.3.0/lib/libzip.so
Event: 0.345 Loaded shared library /nix/store/gpxl5qgg8kicmcvivwmybwjlpf7wh20l-graalvm17-ce-22.3.0/lib/libjimage.so
Event: 0.748 Loaded shared library /nix/store/gpxl5qgg8kicmcvivwmybwjlpf7wh20l-graalvm17-ce-22.3.0/lib/libnet.so
Event: 3.250 Loaded shared library /home/runner/.cache/jdt-language-server/config/org.eclipse.equinox.launcher/org.eclipse.equinox.launcher.gtk.linux.x86_64_1.2.400.v20211117-0650/eclipse_11600.so
Event: 10.637 Loaded shared library /nix/store/gpxl5qgg8kicmcvivwmybwjlpf7wh20l-graalvm17-ce-22.3.0/lib/libextnet.so

Deoptimization events (20 events):
Event: 53.650 Thread 0x00007fcf844a4bb0 DEOPT PACKING pc=0x00007fcfd89d3b5d sp=0x00007fcf9c3fe530
Event: 53.650 Thread 0x00007fcf844a4bb0 DEOPT UNPACKING pc=0x00007fcfd7505325 sp=0x00007fcf9c3fda20 mode 0
Event: 53.651 Thread 0x00007fcf844a4bb0 DEOPT PACKING pc=0x00007fcfd89d3b5d sp=0x00007fcf9c3fe530
Event: 53.651 Thread 0x00007fcf844a4bb0 DEOPT UNPACKING pc=0x00007fcfd7505325 sp=0x00007fcf9c3fda20 mode 0
Event: 53.729 Thread 0x00007fcf844a4bb0 DEOPT PACKING pc=0x00007fcfd89d3b5d sp=0x00007fcf9c3fe530
Event: 53.729 Thread 0x00007fcf844a4bb0 DEOPT UNPACKING pc=0x00007fcfd7505325 sp=0x00007fcf9c3fda20 mode 0
Event: 53.731 Thread 0x00007fcf844a4bb0 DEOPT PACKING pc=0x00007fcfd89d3b5d sp=0x00007fcf9c3fe530
Event: 53.731 Thread 0x00007fcf844a4bb0 DEOPT UNPACKING pc=0x00007fcfd7505325 sp=0x00007fcf9c3fda20 mode 0
Event: 53.740 Thread 0x00007fcf844a4bb0 DEOPT PACKING pc=0x00007fcfd89cad9b sp=0x00007fcf9c3fe4b0
Event: 53.740 Thread 0x00007fcf844a4bb0 DEOPT UNPACKING pc=0x00007fcfd7505325 sp=0x00007fcf9c3fd968 mode 0
Event: 53.745 Thread 0x00007fcf844a4bb0 DEOPT PACKING pc=0x00007fcfd89cad9b sp=0x00007fcf9c3fe4b0
Event: 53.745 Thread 0x00007fcf844a4bb0 DEOPT UNPACKING pc=0x00007fcfd7505325 sp=0x00007fcf9c3fd968 mode 0
Event: 286.578 Thread 0x00007fcff03fe0e0 Uncommon trap: trap_request=0xffffff8f fr.pc=0x00007fcfdf00fd97 relative=0x00000000000000f7
Event: 286.578 Thread 0x00007fcff03fe0e0 Uncommon trap: reason=constraint action=none pc=0x00007fcfdf00fd97 method=java.lang.StringBuilder.<init>()V @ 0 jvmci
Event: 286.578 Thread 0x00007fcff03fe0e0 DEOPT PACKING pc=0x00007fcfdf00fd97 sp=0x00007fcf9bbfd2e0
Event: 286.579 Thread 0x00007fcff03fe0e0 DEOPT UNPACKING pc=0x00007fcfd7505325 sp=0x00007fcf9bbfc788 mode 3
Event: 286.630 Thread 0x00007fcf5418da90 Uncommon trap: trap_request=0xffffff8f fr.pc=0x00007fcfdef99ab0 relative=0x0000000000000290
Event: 286.630 Thread 0x00007fcf5418da90 Uncommon trap: reason=constraint action=none pc=0x00007fcfdef99ab0 method=java.util.Arrays.copyOfRange([BII)[B @ 61 jvmci
Event: 287.673 Thread 0x00007fcf5418da90 DEOPT PACKING pc=0x00007fcfdef99ab0 sp=0x00007fcf9b9fdb80
Event: 287.673 Thread 0x00007fcf5418da90 DEOPT UNPACKING pc=0x00007fcfd7505325 sp=0x00007fcf9b9fcf80 mode 3

Classes unloaded (20 events):
Event: 62.766 Thread 0x00007fcff00a1c10 Unloading class 0x0000000800f0c000 'jdk/internal/reflect/GeneratedConstructorAccessor10'
Event: 62.766 Thread 0x00007fcff00a1c10 Unloading class 0x0000000800d99000 'java/lang/invoke/LambdaForm$MH+0x0000000800d99000'
Event: 62.766 Thread 0x00007fcff00a1c10 Unloading class 0x0000000800d98c00 'java/lang/invoke/LambdaForm$MH+0x0000000800d98c00'
Event: 62.766 Thread 0x00007fcff00a1c10 Unloading class 0x0000000800d98800 'java/lang/invoke/LambdaForm$MH+0x0000000800d98800'
Event: 62.766 Thread 0x00007fcff00a1c10 Unloading class 0x0000000800d98400 'java/lang/invoke/LambdaForm$MH+0x0000000800d98400'
Event: 62.766 Thread 0x00007fcff00a1c10 Unloading class 0x0000000800d98000 'jdk/internal/reflect/GeneratedConstructorAccessor3'
Event: 62.766 Thread 0x00007fcff00a1c10 Unloading class 0x0000000800d0a800 'java/lang/invoke/LambdaForm$MH+0x0000000800d0a800'
Event: 62.766 Thread 0x00007fcff00a1c10 Unloading class 0x0000000800d0a000 'java/lang/invoke/LambdaForm$MH+0x0000000800d0a000'
Event: 62.766 Thread 0x00007fcff00a1c10 Unloading class 0x0000000800d09c00 'java/lang/invoke/LambdaForm$MH+0x0000000800d09c00'
Event: 62.766 Thread 0x00007fcff00a1c10 Unloading class 0x0000000800d09800 'java/lang/invoke/LambdaForm$MH+0x0000000800d09800'
Event: 62.766 Thread 0x00007fcff00a1c10 Unloading class 0x0000000800d09000 'java/lang/invoke/LambdaForm$MH+0x0000000800d09000'
Event: 62.766 Thread 0x00007fcff00a1c10 Unloading class 0x0000000800d08c00 'java/lang/invoke/LambdaForm$MH+0x0000000800d08c00'
Event: 62.766 Thread 0x00007fcff00a1c10 Unloading class 0x0000000800d08800 'java/lang/invoke/LambdaForm$MH+0x0000000800d08800'
Event: 62.766 Thread 0x00007fcff00a1c10 Unloading class 0x0000000800d08000 'java/lang/invoke/LambdaForm$MH+0x0000000800d08000'
Event: 62.766 Thread 0x00007fcff00a1c10 Unloading class 0x0000000800c1d000 'jdk/internal/reflect/GeneratedMethodAccessor5'
Event: 62.766 Thread 0x00007fcff00a1c10 Unloading class 0x0000000800c1cc00 'jdk/internal/reflect/GeneratedMethodAccessor4'
Event: 62.766 Thread 0x00007fcff00a1c10 Unloading class 0x0000000800c1c800 'jdk/internal/reflect/GeneratedMethodAccessor3'
Event: 62.766 Thread 0x00007fcff00a1c10 Unloading class 0x0000000800c1c400 'jdk/internal/reflect/GeneratedMethodAccessor2'
Event: 62.766 Thread 0x00007fcff00a1c10 Unloading class 0x0000000800c1c000 'jdk/internal/reflect/GeneratedMethodAccessor1'
Event: 62.766 Thread 0x00007fcff00a1c10 Unloading class 0x0000000800c01c00 'java/lang/invoke/LambdaForm$DMH+0x0000000800c01c00'

Classes redefined (0 events):
No events

Internal exceptions (20 events):
Event: 42.539 Thread 0x00007fcf54180760 Exception <a 'java/lang/NoSuchMethodError'{0x00000000f6036ed0}: 'java.lang.Object java.lang.invoke.DirectMethodHandle$Holder.newInvokeSpecial(java.lang.Object, int, java.lang.Object, java.lang.Object, java.lang.Object)'> (0x00000000f6036ed0) 
thrown [src/hotspot/share/interpreter/linkResolver.cpp, line 758]
Event: 42.635 Thread 0x00007fcf541869d0 Exception <a 'java/lang/ArrayIndexOutOfBoundsException'{0x00000000f64dccc0}: Index 6 out of bounds for length 6> (0x00000000f64dccc0) 
thrown [src/hotspot/share/interpreter/interpreterRuntime.cpp, line 428]
Event: 42.731 Thread 0x00007fcf541869d0 Exception <a 'java/lang/ClassNotFoundException'{0x00000000f683bf28}: sun/util/logging/resources/spi/loggingProvider> (0x00000000f683bf28) 
thrown [src/hotspot/share/classfile/systemDictionary.cpp, line 256]
Event: 42.732 Thread 0x00007fcf5418da90 Exception <a 'java/lang/ArrayIndexOutOfBoundsException'{0x00000000f68b2328}: Index 40 out of bounds for length 40> (0x00000000f68b2328) 
thrown [src/hotspot/share/interpreter/interpreterRuntime.cpp, line 428]
Event: 42.936 Thread 0x00007fcf5418da90 Exception <a 'java/lang/NoSuchMethodError'{0x00000000f72416f0}: 'void java.lang.invoke.DirectMethodHandle$Holder.invokeSpecial(java.lang.Object, java.lang.Object, int)'> (0x00000000f72416f0) 
thrown [src/hotspot/share/interpreter/linkResolver.cpp, line 758]
Event: 43.629 Thread 0x00007fcf5418da90 Exception <a 'java/lang/NoSuchMethodError'{0x00000000f7324f68}: 'int java.lang.invoke.DirectMethodHandle$Holder.invokeSpecialIFC(java.lang.Object, java.lang.Object, java.lang.Object, java.lang.Object)'> (0x00000000f7324f68) 
thrown [src/hotspot/share/interpreter/linkResolver.cpp, line 758]
Event: 43.735 Thread 0x00007fcf54180760 Exception <a 'java/lang/ArrayIndexOutOfBoundsException'{0x00000000f574a228}: Index 40 out of bounds for length 40> (0x00000000f574a228) 
thrown [src/hotspot/share/interpreter/interpreterRuntime.cpp, line 428]
Event: 43.830 Thread 0x00007fcf54180760 Exception <a 'java/lang/ArrayIndexOutOfBoundsException'{0x00000000f5b382d8}: Index 40 out of bounds for length 40> (0x00000000f5b382d8) 
thrown [src/hotspot/share/interpreter/interpreterRuntime.cpp, line 428]
Event: 43.836 Thread 0x00007fcf54180760 Exception <a 'java/lang/ArrayIndexOutOfBoundsException'{0x00000000f5d99e08}: Index 40 out of bounds for length 40> (0x00000000f5d99e08) 
thrown [src/hotspot/share/interpreter/interpreterRuntime.cpp, line 428]
Event: 46.132 Thread 0x00007fcf54180760 Exception <a 'java/lang/ArrayIndexOutOfBoundsException'{0x00000000f5915090}: Index 40 out of bounds for length 40> (0x00000000f5915090) 
thrown [src/hotspot/share/interpreter/interpreterRuntime.cpp, line 428]
Event: 46.136 Thread 0x00007fcf54180760 Exception <a 'java/lang/ArrayIndexOutOfBoundsException'{0x00000000f5ada000}: Index 40 out of bounds for length 40> (0x00000000f5ada000) 
thrown [src/hotspot/share/interpreter/interpreterRuntime.cpp, line 428]
Event: 46.229 Thread 0x00007fcf54180760 Exception <a 'java/lang/ArrayIndexOutOfBoundsException'{0x00000000f5bba698}: Index 40 out of bounds for length 40> (0x00000000f5bba698) 
thrown [src/hotspot/share/interpreter/interpreterRuntime.cpp, line 428]
Event: 48.341 Thread 0x00007fcf54180760 Exception <a 'java/lang/ArrayIndexOutOfBoundsException'{0x00000000f5cae228}: Index 40 out of bounds for length 40> (0x00000000f5cae228) 
thrown [src/hotspot/share/interpreter/interpreterRuntime.cpp, line 428]
Event: 48.345 Thread 0x00007fcf54180760 Exception <a 'java/lang/ArrayIndexOutOfBoundsException'{0x00000000f5f97a20}: Index 40 out of bounds for length 40> (0x00000000f5f97a20) 
thrown [src/hotspot/share/interpreter/interpreterRuntime.cpp, line 428]
Event: 48.429 Thread 0x00007fcf54180760 Exception <a 'java/lang/ArrayIndexOutOfBoundsException'{0x00000000f61421b8}: Index 40 out of bounds for length 40> (0x00000000f61421b8) 
thrown [src/hotspot/share/interpreter/interpreterRuntime.cpp, line 428]
Event: 284.531 Thread 0x00007fcff03fe0e0 Exception <a 'java/lang/OutOfMemoryError'{0x00000000e0004dd0}> (0x00000000e0004dd0) 
thrown [src/hotspot/share/gc/shared/memAllocator.cpp, line 138]
Event: 286.578 Thread 0x00007fcff03fe0e0 Implicit null exception at 0x00007fcfdf00fd75 to 0x00007fcfdf00fd7c
Event: 286.630 Thread 0x00007fcf5418da90 Exception <a 'java/lang/OutOfMemoryError'{0x00000000e0004dd0}> (0x00000000e0004dd0) 
thrown [src/hotspot/share/gc/shared/memAllocator.cpp, line 138]
Event: 286.630 Thread 0x00007fcf5418da90 Implicit null exception at 0x00007fcfdef999cd to 0x00007fcfdef99a95
Event: 289.865 Thread 0x00007fcff00b21d0 Exception <a 'java/lang/OutOfMemoryError'{0x00000000e00045b0}> (0x00000000e00045b0) 
thrown [src/hotspot/share/gc/shared/memAllocator.cpp, line 136]

VM Operations (20 events):
Event: 276.254 Executing VM operation: ParallelGCFailedAllocation done
Event: 276.255 Executing VM operation: ParallelGCFailedAllocation
Event: 277.170 Executing VM operation: ParallelGCFailedAllocation done
Event: 277.170 Executing VM operation: ParallelGCFailedAllocation
Event: 278.254 Executing VM operation: ParallelGCFailedAllocation done
Event: 278.254 Executing VM operation: ParallelGCFailedAllocation
Event: 280.344 Executing VM operation: ParallelGCFailedAllocation done
Event: 280.345 Executing VM operation: ParallelGCFailedAllocation
Event: 281.442 Executing VM operation: ParallelGCFailedAllocation done
Event: 281.442 Executing VM operation: ParallelGCFailedAllocation
Event: 282.452 Executing VM operation: ParallelGCFailedAllocation done
Event: 282.452 Executing VM operation: ParallelGCFailedAllocation
Event: 284.531 Executing VM operation: ParallelGCFailedAllocation done
Event: 284.531 Executing VM operation: ParallelGCFailedAllocation
Event: 286.578 Executing VM operation: ParallelGCFailedAllocation done
Event: 286.630 Executing VM operation: ParallelGCFailedAllocation
Event: 287.673 Executing VM operation: ParallelGCFailedAllocation done
Event: 287.673 Executing VM operation: ParallelGCFailedAllocation
Event: 289.865 Executing VM operation: ParallelGCFailedAllocation done
Event: 289.865 Executing VM operation: ParallelGCFailedAllocation

Events (20 events):
Event: 43.940 Thread 0x00007fcf54180760 Thread exited: 0x00007fcf54180760
Event: 45.763 Thread 0x00007fcf54180760 Thread added: 0x00007fcf54180760
Event: 45.763 Protecting memory [0x00007fcf9a800000,0x00007fcf9a804000] with protection modes 0
Event: 46.329 Thread 0x00007fcf54180760 Thread exited: 0x00007fcf54180760
Event: 47.627 Thread 0x00007fcf54180760 Thread added: 0x00007fcf54180760
Event: 47.627 Protecting memory [0x00007fcf9a800000,0x00007fcf9a804000] with protection modes 0
Event: 48.533 Thread 0x00007fcf54180760 Thread exited: 0x00007fcf54180760
Event: 63.339 Thread 0x00007fcff023fa20 Thread exited: 0x00007fcff023fa20
Event: 86.572 Thread 0x00007fcf80005190 Thread exited: 0x00007fcf80005190
Event: 106.036 Thread 0x00007fcf54180760 Thread added: 0x00007fcf54180760
Event: 106.036 Protecting memory [0x00007fcf9b500000,0x00007fcf9b504000] with protection modes 0
Event: 108.260 Thread 0x00007fcf8432ac30 Thread exited: 0x00007fcf8432ac30
Event: 108.260 Thread 0x00007fcf60001130 Thread exited: 0x00007fcf60001130
Event: 109.438 Thread 0x00007fcf58000ff0 Thread exited: 0x00007fcf58000ff0
Event: 151.755 Thread 0x00007fcf541869d0 Thread added: 0x00007fcf541869d0
Event: 151.755 Protecting memory [0x00007fcf9b700000,0x00007fcf9b704000] with protection modes 0
Event: 182.244 Thread 0x00007fcf5414ed30 Thread added: 0x00007fcf5414ed30
Event: 182.244 Protecting memory [0x00007fcf9c700000,0x00007fcf9c704000] with protection modes 0
Event: 243.274 Thread 0x00007fcf5418da90 Thread added: 0x00007fcf5418da90
Event: 243.274 Protecting memory [0x00007fcf9b900000,0x00007fcf9b904000] with protection modes 0


Dynamic libraries:
e0000000-f5580000 rw-p 00000000 00:00 0 
f5580000-f9f00000 rw-p 00000000 00:00 0 
f9f00000-100000000 ---p 00000000 00:00 0 
800000000-800449000 rw-p 00001000 00:429 4611686019135357769             /nix/store/gpxl5qgg8kicmcvivwmybwjlpf7wh20l-graalvm17-ce-22.3.0/lib/server/classes.jsa
800449000-800bc8000 r--p 0044a000 00:429 4611686019135357769             /nix/store/gpxl5qgg8kicmcvivwmybwjlpf7wh20l-graalvm17-ce-22.3.0/lib/server/classes.jsa
800bc8000-800c00000 ---p 00000000 00:00 0 
800c00000-800c20000 rw-p 00000000 00:00 0 
800c20000-800c40000 rw-p 00000000 00:00 0 
800c40000-800cc0000 rw-p 00000000 00:00 0 
800cc0000-800d00000 rw-p 00000000 00:00 0 
800d00000-800dc0000 rw-p 00000000 00:00 0 
800dc0000-800e00000 rw-p 00000000 00:00 0 
800e00000-800f40000 rw-p 00000000 00:00 0 
800f40000-800f80000 rw-p 00000000 00:00 0 
800f80000-801000000 rw-p 00000000 00:00 0 
801000000-801240000 rw-p 00000000 00:00 0 
801240000-801250000 rw-p 00000000 00:00 0 
801250000-840c00000 ---p 00000000 00:00 0 
55a863c2e000-55a863c2f000 r-xp 00000000 00:429 4611686019099417844       /nix/store/gpxl5qgg8kicmcvivwmybwjlpf7wh20l-graalvm17-ce-22.3.0/bin/.java-wrapped
55a863c30000-55a863c31000 r--p 00001000 00:429 4611686019099417844       /nix/store/gpxl5qgg8kicmcvivwmybwjlpf7wh20l-graalvm17-ce-22.3.0/bin/.java-wrapped
55a863c31000-55a863c32000 rw-p 00002000 00:429 4611686019099417844       /nix/store/gpxl5qgg8kicmcvivwmybwjlpf7wh20l-graalvm17-ce-22.3.0/bin/.java-wrapped
55a863c32000-55a863c33000 rw-p 00004000 00:429 4611686019099417844       /nix/store/gpxl5qgg8kicmcvivwmybwjlpf7wh20l-graalvm17-ce-22.3.0/bin/.java-wrapped
55a863c33000-55a863c34000 rw-p 00005000 00:429 4611686019099417844       /nix/store/gpxl5qgg8kicmcvivwmybwjlpf7wh20l-graalvm17-ce-22.3.0/bin/.java-wrapped
55a865066000-55a8650ae000 rw-p 00000000 00:00 0                          [heap]
7fcf04000000-7fcf04021000 rw-p 00000000 00:00 0 
7fcf04021000-7fcf08000000 ---p 00000000 00:00 0 
7fcf0c000000-7fcf0c033000 rw-p 00000000 00:00 0 
7fcf0c033000-7fcf10000000 ---p 00000000 00:00 0 
7fcf10000000-7fcf10021000 rw-p 00000000 00:00 0 
7fcf10021000-7fcf14000000 ---p 00000000 00:00 0 
7fcf14000000-7fcf14021000 rw-p 00000000 00:00 0 
7fcf14021000-7fcf18000000 ---p 00000000 00:00 0 
7fcf18000000-7fcf18021000 rw-p 00000000 00:00 0 
7fcf18021000-7fcf1c000000 ---p 00000000 00:00 0 
7fcf1c000000-7fcf1c021000 rw-p 00000000 00:00 0 
7fcf1c021000-7fcf20000000 ---p 00000000 00:00 0 
7fcf20000000-7fcf20021000 rw-p 00000000 00:00 0 
7fcf20021000-7fcf24000000 ---p 00000000 00:00 0 
7fcf24000000-7fcf24021000 rw-p 00000000 00:00 0 
7fcf24021000-7fcf28000000 ---p 00000000 00:00 0 
7fcf28000000-7fcf28026000 rw-p 00000000 00:00 0 
7fcf28026000-7fcf2c000000 ---p 00000000 00:00 0 
7fcf2c000000-7fcf2c08f000 rw-p 00000000 00:00 0 
7fcf2c08f000-7fcf30000000 ---p 00000000 00:00 0 
7fcf30000000-7fcf3021f000 rw-p 00000000 00:00 0 
7fcf3021f000-7fcf34000000 ---p 00000000 00:00 0 
7fcf34000000-7fcf34021000 rw-p 00000000 00:00 0 
7fcf34021000-7fcf38000000 ---p 00000000 00:00 0 
7fcf38000000-7fcf38021000 rw-p 00000000 00:00 0 
7fcf38021000-7fcf3c000000 ---p 00000000 00:00 0 
7fcf3c000000-7fcf3c021000 rw-p 00000000 00:00 0 
7fcf3c021000-7fcf40000000 ---p 00000000 00:00 0 
7fcf424b3000-7fcf4c000000 r--s 00000000 00:429 4611686019135192581       /nix/store/gpxl5qgg8kicmcvivwmybwjlpf7wh20l-graalvm17-ce-22.3.0/lib/modules
7fcf4c000000-7fcf4c021000 rw-p 00000000 00:00 0 
7fcf4c021000-7fcf50000000 ---p 00000000 00:00 0 
7fcf50000000-7fcf50021000 rw-p 00000000 00:00 0 
7fcf50021000-7fcf54000000 ---p 00000000 00:00 0 
7fcf54000000-7fcf5419a000 rw-p 00000000 00:00 0 
7fcf5419a000-7fcf58000000 ---p 00000000 00:00 0 
7fcf58000000-7fcf5853c000 rw-p 00000000 00:00 0 
7fcf5853c000-7fcf5c000000 ---p 00000000 00:00 0 
7fcf5c000000-7fcf5c021000 rw-p 00000000 00:00 0 
7fcf5c021000-7fcf60000000 ---p 00000000 00:00 0 
7fcf60000000-7fcf60103000 rw-p 00000000 00:00 0 
7fcf60103000-7fcf64000000 ---p 00000000 00:00 0 
7fcf64000000-7fcf64021000 rw-p 00000000 00:00 0 
7fcf64021000-7fcf68000000 ---p 00000000 00:00 0 
7fcf68800000-7fcf68d00000 rw-p 00000000 00:00 0 
7fcf68d00000-7fcf68d50000 rw-p 00000000 00:00 0 
7fcf68d50000-7fcf68e00000 ---p 00000000 00:00 0 
7fcf68e00000-7fcf68ef0000 rw-p 00000000 00:00 0 
7fcf68ef0000-7fcf69000000 ---p 00000000 00:00 0 
7fcf6a000000-7fcf6a800000 rw-p 00000000 00:00 0 
7fcf6a800000-7fcf6a980000 rw-p 00000000 00:00 0 
7fcf6a980000-7fcf6aa00000 rw-p 00000000 00:00 0 
7fcf6aa00000-7fcf6ad00000 rw-p 00000000 00:00 0 
7fcf6ad00000-7fcf6ae00000 rw-p 00000000 00:00 0 
7fcf6ae00000-7fcf6b000000 rw-p 00000000 00:00 0 
7fcf6b000000-7fcf6b100000 rw-p 00000000 00:00 0 
7fcf6b100000-7fcf6b200000 rw-p 00000000 00:00 0 
7fcf6b200000-7fcf6b300000 rw-p 00000000 00:00 0 
7fcf6b300000-7fcf6b400000 rw-p 00000000 00:00 0 
7fcf6b400000-7fcf6b540000 rw-p 00000000 00:00 0 
7fcf6b540000-7fcf6b580000 rw-p 00000000 00:00 0 
7fcf6b580000-7fcf6b700000 rw-p 00000000 00:00 0 
7fcf6b700000-7fcf6b800000 rw-p 00000000 00:00 0 
7fcf6b800000-7fcf6b900000 rw-p 00000000 00:00 0 
7fcf6b900000-7fcf6ba00000 rw-p 00000000 00:00 0 
7fcf6ba00000-7fcf6bfc0000 rw-p 00000000 00:00 0 
7fcf6bfc0000-7fcf6c000000 rw-p 00000000 00:00 0 
7fcf6c000000-7fcf6c068000 rw-p 00000000 00:00 0 
7fcf6c068000-7fcf70000000 ---p 00000000 00:00 0 
7fcf70000000-7fcf70069000 rw-p 00000000 00:00 0 
7fcf70069000-7fcf74000000 ---p 00000000 00:00 0 
7fcf74000000-7fcf74021000 rw-p 00000000 00:00 0 
7fcf74021000-7fcf78000000 ---p 00000000 00:00 0 
7fcf78000000-7fcf78360000 rw-p 00000000 00:00 0 
7fcf78360000-7fcf7c000000 ---p 00000000 00:00 0 
7fcf7c000000-7fcf7c021000 rw-p 00000000 00:00 0 
7fcf7c021000-7fcf80000000 ---p 00000000 00:00 0 
7fcf80000000-7fcf80021000 rw-p 00000000 00:00 0 
7fcf80021000-7fcf84000000 ---p 00000000 00:00 0 
7fcf84000000-7fcf84909000 rw-p 00000000 00:00 0 
7fcf84909000-7fcf88000000 ---p 00000000 00:00 0 
7fcf88000000-7fcf88025000 rw-p 00000000 00:00 0 
7fcf88025000-7fcf8c000000 ---p 00000000 00:00 0 
7fcf8c000000-7fcf8c021000 rw-p 00000000 00:00 0 
7fcf8c021000-7fcf90000000 ---p 00000000 00:00 0 
7fcf90000000-7fcf90021000 rw-p 00000000 00:00 0 
7fcf90021000-7fcf94000000 ---p 00000000 00:00 0 
7fcf94000000-7fcf94021000 rw-p 00000000 00:00 0 
7fcf94021000-7fcf98000000 ---p 00000000 00:00 0 
7fcf98400000-7fcf98500000 rw-p 00000000 00:00 0 
7fcf98500000-7fcf98600000 rw-p 00000000 00:00 0 
7fcf98600000-7fcf98900000 rw-p 00000000 00:00 0 
7fcf98900000-7fcf98a00000 rw-p 00000000 00:00 0 
7fcf98a00000-7fcf98c00000 rw-p 00000000 00:00 0 
7fcf98e00000-7fcf98e10000 r-xp 00000000 00:426 353                       /home/runner/.cache/jdt-language-server/config/org.eclipse.equinox.launcher/org.eclipse.equinox.launcher.gtk.linux.x86_64_1.2.400.v20211117-0650/eclipse_11600.so
7fcf98e10000-7fcf9900f000 ---p 00010000 00:426 353                       /home/runner/.cache/jdt-language-server/config/org.eclipse.equinox.launcher/org.eclipse.equinox.launcher.gtk.linux.x86_64_1.2.400.v20211117-0650/eclipse_11600.so
7fcf9900f000-7fcf99010000 r--p 0000f000 00:426 353                       /home/runner/.cache/jdt-language-server/config/org.eclipse.equinox.launcher/org.eclipse.equinox.launcher.gtk.linux.x86_64_1.2.400.v20211117-0650/eclipse_11600.so
7fcf99010000-7fcf99011000 rw-p 00010000 00:426 353                       /home/runner/.cache/jdt-language-server/config/org.eclipse.equinox.launcher/org.eclipse.equinox.launcher.gtk.linux.x86_64_1.2.400.v20211117-0650/eclipse_11600.so
7fcf99300000-7fcf99400000 ---p 00000000 00:00 0 
7fcf99400000-7fcf999af000 r--p 01122000 00:429 4611686019135190040       /nix/store/gpxl5qgg8kicmcvivwmybwjlpf7wh20l-graalvm17-ce-22.3.0/lib/libjvmcicompiler.so
7fcf999af000-7fcf99b00000 r--p 00000000 00:00 0 
7fcf99b00000-7fcf99b3d000 rw-p 00000000 00:00 0 
7fcf99b3d000-7fcf9a05d000 rw-p 0185f000 00:429 4611686019135190040       /nix/store/gpxl5qgg8kicmcvivwmybwjlpf7wh20l-graalvm17-ce-22.3.0/lib/libjvmcicompiler.so
7fcf9a05d000-7fcf9a444000 r--p 01d7f000 00:429 4611686019135190040       /nix/store/gpxl5qgg8kicmcvivwmybwjlpf7wh20l-graalvm17-ce-22.3.0/lib/libjvmcicompiler.so
7fcf9a500000-7fcf9a504000 ---p 00000000 00:00 0 
7fcf9a504000-7fcf9a600000 rw-p 00000000 00:00 0 
7fcf9a700000-7fcf9a704000 ---p 00000000 00:00 0 
7fcf9a704000-7fcf9a800000 rw-p 00000000 00:00 0 
7fcf9a800000-7fcf9a804000 ---p 00000000 00:00 0 
7fcf9a804000-7fcf9a900000 rw-p 00000000 00:00 0 
7fcf9a900000-7fcf9a904000 ---p 00000000 00:00 0 
7fcf9a904000-7fcf9aa00000 rw-p 00000000 00:00 0 
7fcf9ab00000-7fcf9ab04000 ---p 00000000 00:00 0 
7fcf9ab04000-7fcf9ac00000 rw-p 00000000 00:00 0 
7fcf9ac00000-7fcf9ac04000 ---p 00000000 00:00 0 
7fcf9ac04000-7fcf9ad00000 rw-p 00000000 00:00 0 
7fcf9ad00000-7fcf9ad04000 ---p 00000000 00:00 0 
7fcf9ad04000-7fcf9ae00000 rw-p 00000000 00:00 0 
7fcf9af00000-7fcf9af04000 ---p 00000000 00:00 0 
7fcf9af04000-7fcf9b000000 rw-p 00000000 00:00 0 
7fcf9b100000-7fcf9b104000 ---p 00000000 00:00 0 
7fcf9b104000-7fcf9b200000 rw-p 00000000 00:00 0 
7fcf9b200000-7fcf9b204000 ---p 00000000 00:00 0 
7fcf9b204000-7fcf9b300000 rw-p 00000000 00:00 0 
7fcf9b300000-7fcf9b304000 ---p 00000000 00:00 0 
7fcf9b304000-7fcf9b400000 rw-p 00000000 00:00 0 
7fcf9b400000-7fcf9b404000 ---p 00000000 00:00 0 
7fcf9b404000-7fcf9b500000 rw-p 00000000 00:00 0 
7fcf9b500000-7fcf9b504000 ---p 00000000 00:00 0 
7fcf9b504000-7fcf9b600000 rw-p 00000000 00:00 0 
7fcf9b700000-7fcf9b704000 ---p 00000000 00:00 0 
7fcf9b704000-7fcf9b800000 rw-p 00000000 00:00 0 
7fcf9b900000-7fcf9b904000 ---p 00000000 00:00 0 
7fcf9b904000-7fcf9ba00000 rw-p 00000000 00:00 0 
7fcf9bb00000-7fcf9bb04000 ---p 00000000 00:00 0 
7fcf9bb04000-7fcf9bc00000 rw-p 00000000 00:00 0 
7fcf9bd00000-7fcf9bd04000 ---p 00000000 00:00 0 
7fcf9bd04000-7fcf9be00000 rw-p 00000000 00:00 0 
7fcf9bf00000-7fcf9bf04000 ---p 00000000 00:00 0 
7fcf9bf04000-7fcf9c000000 rw-p 00000000 00:00 0 
7fcf9c100000-7fcf9c104000 ---p 00000000 00:00 0 
7fcf9c104000-7fcf9c200000 rw-p 00000000 00:00 0 
7fcf9c300000-7fcf9c304000 ---p 00000000 00:00 0 
7fcf9c304000-7fcf9c400000 rw-p 00000000 00:00 0 
7fcf9c400000-7fcf9c404000 ---p 00000000 00:00 0 
7fcf9c404000-7fcf9c500000 rw-p 00000000 00:00 0 
7fcf9c500000-7fcf9c504000 ---p 00000000 00:00 0 
7fcf9c504000-7fcf9c600000 rw-p 00000000 00:00 0 
7fcf9c600000-7fcf9c604000 ---p 00000000 00:00 0 
7fcf9c604000-7fcf9c700000 rw-p 00000000 00:00 0 
7fcf9c700000-7fcf9c704000 ---p 00000000 00:00 0 
7fcf9c704000-7fcf9c800000 rw-p 00000000 00:00 0 
7fcf9c900000-7fcf9c904000 ---p 00000000 00:00 0 
7fcf9c904000-7fcf9ca00000 rw-p 00000000 00:00 0 
7fcf9d668000-7fcf9db00000 rw-p 00000000 00:00 0 
7fcf9dc00000-7fcf9fd6a000 r-xp 00000000 00:429 4611686019135190040       /nix/store/gpxl5qgg8kicmcvivwmybwjlpf7wh20l-graalvm17-ce-22.3.0/lib/libjvmcicompiler.so
7fcf9fd6a000-7fcf9ff69000 ---p 0216a000 00:429 4611686019135190040       /nix/store/gpxl5qgg8kicmcvivwmybwjlpf7wh20l-graalvm17-ce-22.3.0/lib/libjvmcicompiler.so
7fcf9ff69000-7fcf9ff6a000 r--p 02169000 00:429 4611686019135190040       /nix/store/gpxl5qgg8kicmcvivwmybwjlpf7wh20l-graalvm17-ce-22.3.0/lib/libjvmcicompiler.so
7fcf9ff6a000-7fcf9ff6c000 rw-p 0216a000 00:429 4611686019135190040       /nix/store/gpxl5qgg8kicmcvivwmybwjlpf7wh20l-graalvm17-ce-22.3.0/lib/libjvmcicompiler.so
7fcf9ff6c000-7fcf9ff6d000 rw-p 00000000 00:00 0 
7fcf9ff6d000-7fcf9ff72000 rw-p 023c3000 00:429 4611686019135190040       /nix/store/gpxl5qgg8kicmcvivwmybwjlpf7wh20l-graalvm17-ce-22.3.0/lib/libjvmcicompiler.so
7fcfa0000000-7fcfa0021000 rw-p 00000000 00:00 0 
7fcfa0021000-7fcfa4000000 ---p 00000000 00:00 0 
7fcfa4000000-7fcfa4021000 rw-p 00000000 00:00 0 
7fcfa4021000-7fcfa8000000 ---p 00000000 00:00 0 
7fcfa8000000-7fcfa8021000 rw-p 00000000 00:00 0 
7fcfa8021000-7fcfac000000 ---p 00000000 00:00 0 
7fcfac000000-7fcfac021000 rw-p 00000000 00:00 0 
7fcfac021000-7fcfb0000000 ---p 00000000 00:00 0 
7fcfb0000000-7fcfb00ec000 rw-p 00000000 00:00 0 
7fcfb00ec000-7fcfb4000000 ---p 00000000 00:00 0 
7fcfb4000000-7fcfb4b1d000 rw-p 00000000 00:00 0 
7fcfb4b1d000-7fcfb8000000 ---p 00000000 00:00 0 
7fcfb8000000-7fcfb8021000 rw-p 00000000 00:00 0 
7fcfb8021000-7fcfbc000000 ---p 00000000 00:00 0 
7fcfbc000000-7fcfbc021000 rw-p 00000000 00:00 0 
7fcfbc021000-7fcfc0000000 ---p 00000000 00:00 0 
7fcfc0000000-7fcfc0021000 rw-p 00000000 00:00 0 
7fcfc0021000-7fcfc4000000 ---p 00000000 00:00 0 
7fcfc4000000-7fcfc4021000 rw-p 00000000 00:00 0 
7fcfc4021000-7fcfc8000000 ---p 00000000 00:00 0 
7fcfc8000000-7fcfc8026000 rw-p 00000000 00:00 0 
7fcfc8026000-7fcfcc000000 ---p 00000000 00:00 0 
7fcfcc000000-7fcfcc021000 rw-p 00000000 00:00 0 
7fcfcc021000-7fcfd0000000 ---p 00000000 00:00 0 
7fcfd0000000-7fcfd006b000 rw-p 00000000 00:00 0 
7fcfd006b000-7fcfd4000000 ---p 00000000 00:00 0 
7fcfd4000000-7fcfd4004000 ---p 00000000 00:00 0 
7fcfd4004000-7fcfd4100000 rw-p 00000000 00:00 0 
7fcfd4200000-7fcfd4204000 ---p 00000000 00:00 0 
7fcfd4204000-7fcfd4300000 rw-p 00000000 00:00 0 
7fcfd4400000-7fcfd4404000 ---p 00000000 00:00 0 
7fcfd4404000-7fcfd4500000 rw-p 00000000 00:00 0 
7fcfd4600000-7fcfd4604000 ---p 00000000 00:00 0 
7fcfd4604000-7fcfd4700000 rw-p 00000000 00:00 0 
7fcfd4800000-7fcfd4804000 ---p 00000000 00:00 0 
7fcfd4804000-7fcfd4900000 rw-p 00000000 00:00 0 
7fcfd4a00000-7fcfd4a04000 ---p 00000000 00:00 0 
7fcfd4a04000-7fcfd4b00000 rw-p 00000000 00:00 0 
7fcfd4c18000-7fcfd4c19000 ---p 00000000 00:00 0 
7fcfd4c19000-7fcfd4d1a000 rw-p 00000000 00:00 0 
7fcfd4d1a000-7fcfd4d1e000 ---p 00000000 00:00 0 
7fcfd4d1e000-7fcfd4e1a000 rw-p 00000000 00:00 0 
7fcfd4e1a000-7fcfd4e1e000 ---p 00000000 00:00 0 
7fcfd4e1e000-7fcfd4f1a000 rw-p 00000000 00:00 0 
7fcfd4f1a000-7fcfd4f1e000 ---p 00000000 00:00 0 
7fcfd4f1e000-7fcfd501a000 rw-p 00000000 00:00 0 
7fcfd501a000-7fcfd501e000 ---p 00000000 00:00 0 
7fcfd501e000-7fcfd521a000 rw-p 00000000 00:00 0 
7fcfd521a000-7fcfd521e000 ---p 00000000 00:00 0 
7fcfd521e000-7fcfd541a000 rw-p 00000000 00:00 0 
7fcfd541a000-7fcfd541e000 ---p 00000000 00:00 0 
7fcfd541e000-7fcfd551a000 rw-p 00000000 00:00 0 
7fcfd551a000-7fcfd551e000 ---p 00000000 00:00 0 
7fcfd551e000-7fcfd561a000 rw-p 00000000 00:00 0 
7fcfd561a000-7fcfd561e000 ---p 00000000 00:00 0 
7fcfd561e000-7fcfd571a000 rw-p 00000000 00:00 0 
7fcfd571a000-7fcfd5a00000 r--p 00000000 00:3a3 28444448                  /usr/lib/locale/locale-archive
7fcfd5a00000-7fcfd5a04000 ---p 00000000 00:00 0 
7fcfd5a04000-7fcfd5b00000 rw-p 00000000 00:00 0 
7fcfd5b00000-7fcfd5b04000 ---p 00000000 00:00 0 
7fcfd5b04000-7fcfd6000000 rw-p 00000000 00:00 0 
7fcfd6000000-7fcfd6300000 rw-p 00000000 00:00 0 
7fcfd6300000-7fcfd6400000 rw-p 00000000 00:00 0 
7fcfd64b3000-7fcfd74b3000 rw-p 00000000 00:00 0 
7fcfd74b3000-7fcfd7723000 rwxp 00000000 00:00 0 
7fcfd7723000-7fcfd7a42000 ---p 00000000 00:00 0 
7fcfd7a42000-7fcfd89f2000 rwxp 00000000 00:00 0 
7fcfd89f2000-7fcfdef7a000 ---p 00000000 00:00 0 
7fcfdef7a000-7fcfdf20a000 rwxp 00000000 00:00 0 
7fcfdf20a000-7fcfe64b3000 ---p 00000000 00:00 0 
7fcfe64b3000-7fcff0000000 r--s 00000000 00:429 4611686019135192581       /nix/store/gpxl5qgg8kicmcvivwmybwjlpf7wh20l-graalvm17-ce-22.3.0/lib/modules
7fcff0000000-7fcff064d000 rw-p 00000000 00:00 0 
7fcff064d000-7fcff4000000 ---p 00000000 00:00 0 
7fcff4011000-7fcff4013000 r-xp 00000000 00:429 4611686019135190017       /nix/store/gpxl5qgg8kicmcvivwmybwjlpf7wh20l-graalvm17-ce-22.3.0/lib/libextnet.so
7fcff4013000-7fcff4014000 r--p 00001000 00:429 4611686019135190017       /nix/store/gpxl5qgg8kicmcvivwmybwjlpf7wh20l-graalvm17-ce-22.3.0/lib/libextnet.so
7fcff4014000-7fcff4015000 rw-p 00002000 00:429 4611686019135190017       /nix/store/gpxl5qgg8kicmcvivwmybwjlpf7wh20l-graalvm17-ce-22.3.0/lib/libextnet.so
7fcff4015000-7fcff4016000 rw-p 00004000 00:429 4611686019135190017       /nix/store/gpxl5qgg8kicmcvivwmybwjlpf7wh20l-graalvm17-ce-22.3.0/lib/libextnet.so
7fcff4016000-7fcff401a000 ---p 00000000 00:00 0 
7fcff401a000-7fcff4038000 rw-p 00000000 00:00 0 
7fcff4038000-7fcff403f000 r-xp 00000000 00:429 4611686019135192580       /nix/store/gpxl5qgg8kicmcvivwmybwjlpf7wh20l-graalvm17-ce-22.3.0/lib/libzip.so
7fcff403f000-7fcff4040000 ---p 00007000 00:429 4611686019135192580       /nix/store/gpxl5qgg8kicmcvivwmybwjlpf7wh20l-graalvm17-ce-22.3.0/lib/libzip.so
7fcff4040000-7fcff4041000 r--p 00007000 00:429 4611686019135192580       /nix/store/gpxl5qgg8kicmcvivwmybwjlpf7wh20l-graalvm17-ce-22.3.0/lib/libzip.so
7fcff4041000-7fcff4042000 rw-p 00008000 00:429 4611686019135192580       /nix/store/gpxl5qgg8kicmcvivwmybwjlpf7wh20l-graalvm17-ce-22.3.0/lib/libzip.so
7fcff4042000-7fcff4044000 rw-p 0000b000 00:429 4611686019135192580       /nix/store/gpxl5qgg8kicmcvivwmybwjlpf7wh20l-graalvm17-ce-22.3.0/lib/libzip.so
7fcff4044000-7fcff4059000 r-xp 00000000 00:429 4611686019135192570       /nix/store/gpxl5qgg8kicmcvivwmybwjlpf7wh20l-graalvm17-ce-22.3.0/lib/libnet.so
7fcff4059000-7fcff405a000 ---p 00015000 00:429 4611686019135192570       /nix/store/gpxl5qgg8kicmcvivwmybwjlpf7wh20l-graalvm17-ce-22.3.0/lib/libnet.so
7fcff405a000-7fcff405b000 r--p 00015000 00:429 4611686019135192570       /nix/store/gpxl5qgg8kicmcvivwmybwjlpf7wh20l-graalvm17-ce-22.3.0/lib/libnet.so
7fcff405b000-7fcff405c000 rw-p 00016000 00:429 4611686019135192570       /nix/store/gpxl5qgg8kicmcvivwmybwjlpf7wh20l-graalvm17-ce-22.3.0/lib/libnet.so
7fcff405c000-7fcff405f000 rw-p 0001b000 00:429 4611686019135192570       /nix/store/gpxl5qgg8kicmcvivwmybwjlpf7wh20l-graalvm17-ce-22.3.0/lib/libnet.so
7fcff405f000-7fcff4072000 r-xp 00000000 00:429 4611686019135192571       /nix/store/gpxl5qgg8kicmcvivwmybwjlpf7wh20l-graalvm17-ce-22.3.0/lib/libnio.so
7fcff4072000-7fcff4073000 r--p 00012000 00:429 4611686019135192571       /nix/store/gpxl5qgg8kicmcvivwmybwjlpf7wh20l-graalvm17-ce-22.3.0/lib/libnio.so
7fcff4073000-7fcff4074000 rw-p 00013000 00:429 4611686019135192571       /nix/store/gpxl5qgg8kicmcvivwmybwjlpf7wh20l-graalvm17-ce-22.3.0/lib/libnio.so
7fcff4074000-7fcff4079000 rw-p 00019000 00:429 4611686019135192571       /nix/store/gpxl5qgg8kicmcvivwmybwjlpf7wh20l-graalvm17-ce-22.3.0/lib/libnio.so
7fcff4079000-7fcff407a000 ---p 00000000 00:00 0 
7fcff407a000-7fcff417b000 rw-p 00000000 00:00 0 
7fcff417b000-7fcff4249000 r-xp 00000000 00:429 4611686019135190036       /nix/store/gpxl5qgg8kicmcvivwmybwjlpf7wh20l-graalvm17-ce-22.3.0/lib/libjsvml.so
7fcff4249000-7fcff424a000 r--p 000cd000 00:429 4611686019135190036       /nix/store/gpxl5qgg8kicmcvivwmybwjlpf7wh20l-graalvm17-ce-22.3.0/lib/libjsvml.so
7fcff424a000-7fcff424b000 rw-p 000ce000 00:429 4611686019135190036       /nix/store/gpxl5qgg8kicmcvivwmybwjlpf7wh20l-graalvm17-ce-22.3.0/lib/libjsvml.so
7fcff424b000-7fcff4b23000 rw-p 00000000 00:00 0 
7fcff4b23000-7fcff4b24000 ---p 00000000 00:00 0 
7fcff4b24000-7fcff4ccf000 rw-p 00000000 00:00 0 
7fcff4ccf000-7fcff4cf5000 rw-p 00000000 00:00 0 
7fcff4cf5000-7fcff4d25000 ---p 00000000 00:00 0 
7fcff4d25000-7fcff4d2c000 rw-p 00000000 00:00 0 
7fcff4d2c000-7fcff4e11000 ---p 00000000 00:00 0 
7fcff4e11000-7fcff4e31000 rw-p 00000000 00:00 0 
7fcff4e31000-7fcff4efc000 ---p 00000000 00:00 0 
7fcff4efc000-7fcff4f01000 rw-p 00000000 00:00 0 
7fcff4f01000-7fcff4f08000 ---p 00000000 00:00 0 
7fcff4f08000-7fcff4f2c000 r-xp 00000000 00:429 4611686019135190028       /nix/store/gpxl5qgg8kicmcvivwmybwjlpf7wh20l-graalvm17-ce-22.3.0/lib/libjava.so
7fcff4f2c000-7fcff4f2d000 ---p 00024000 00:429 4611686019135190028       /nix/store/gpxl5qgg8kicmcvivwmybwjlpf7wh20l-graalvm17-ce-22.3.0/lib/libjava.so
7fcff4f2d000-7fcff4f2e000 r--p 00024000 00:429 4611686019135190028       /nix/store/gpxl5qgg8kicmcvivwmybwjlpf7wh20l-graalvm17-ce-22.3.0/lib/libjava.so
7fcff4f2e000-7fcff4f2f000 rw-p 00025000 00:429 4611686019135190028       /nix/store/gpxl5qgg8kicmcvivwmybwjlpf7wh20l-graalvm17-ce-22.3.0/lib/libjava.so
7fcff4f2f000-7fcff4f30000 rw-p 00000000 00:00 0 
7fcff4f30000-7fcff4f37000 rw-p 0002f000 00:429 4611686019135190028       /nix/store/gpxl5qgg8kicmcvivwmybwjlpf7wh20l-graalvm17-ce-22.3.0/lib/libjava.so
7fcff4f37000-7fcff4f3f000 rw-s 00000000 00:e1 350                        /tmp/hsperfdata_runner/32
7fcff4f3f000-7fcff4f40000 ---p 00000000 00:00 0 
7fcff4f40000-7fcff4f41000 r--p 00000000 00:00 0 
7fcff4f41000-7fcff4f42000 rwxp 00000000 00:00 0 
7fcff4f42000-7fcff4f5d000 r-xp 00000000 00:429 4611686019135190032       /nix/store/gpxl5qgg8kicmcvivwmybwjlpf7wh20l-graalvm17-ce-22.3.0/lib/libjimage.so
7fcff4f5d000-7fcff4f5e000 ---p 0001b000 00:429 4611686019135190032       /nix/store/gpxl5qgg8kicmcvivwmybwjlpf7wh20l-graalvm17-ce-22.3.0/lib/libjimage.so
7fcff4f5e000-7fcff4f60000 r--p 0001b000 00:429 4611686019135190032       /nix/store/gpxl5qgg8kicmcvivwmybwjlpf7wh20l-graalvm17-ce-22.3.0/lib/libjimage.so
7fcff4f60000-7fcff4f61000 rw-p 0001d000 00:429 4611686019135190032       /nix/store/gpxl5qgg8kicmcvivwmybwjlpf7wh20l-graalvm17-ce-22.3.0/lib/libjimage.so
7fcff4f61000-7fcff4f62000 rw-p 00024000 00:429 4611686019135190032       /nix/store/gpxl5qgg8kicmcvivwmybwjlpf7wh20l-graalvm17-ce-22.3.0/lib/libjimage.so
7fcff4f62000-7fcff4f66000 ---p 00000000 00:00 0 
7fcff4f66000-7fcff5062000 rw-p 00000000 00:00 0 
7fcff5062000-7fcff5070000 r--p 00000000 00:429 4611686019027979927       /nix/store/4nlgxhb09sdr51nc9hdm8az5b08vzkgx-glibc-2.35-163/lib/libm.so.6
7fcff5070000-7fcff50e3000 r-xp 0000e000 00:429 4611686019027979927       /nix/store/4nlgxhb09sdr51nc9hdm8az5b08vzkgx-glibc-2.35-163/lib/libm.so.6
7fcff50e3000-7fcff5140000 r--p 00081000 00:429 4611686019027979927       /nix/store/4nlgxhb09sdr51nc9hdm8az5b08vzkgx-glibc-2.35-163/lib/libm.so.6
7fcff5140000-7fcff5141000 r--p 000dd000 00:429 4611686019027979927       /nix/store/4nlgxhb09sdr51nc9hdm8az5b08vzkgx-glibc-2.35-163/lib/libm.so.6
7fcff5141000-7fcff5142000 rw-p 000de000 00:429 4611686019027979927       /nix/store/4nlgxhb09sdr51nc9hdm8az5b08vzkgx-glibc-2.35-163/lib/libm.so.6
7fcff5142000-7fcff5143000 r--p 00000000 00:429 4611686019027979946       /nix/store/4nlgxhb09sdr51nc9hdm8az5b08vzkgx-glibc-2.35-163/lib/librt.so.1
7fcff5143000-7fcff5144000 r-xp 00001000 00:429 4611686019027979946       /nix/store/4nlgxhb09sdr51nc9hdm8az5b08vzkgx-glibc-2.35-163/lib/librt.so.1
7fcff5144000-7fcff5145000 r--p 00002000 00:429 4611686019027979946       /nix/store/4nlgxhb09sdr51nc9hdm8az5b08vzkgx-glibc-2.35-163/lib/librt.so.1
7fcff5145000-7fcff5146000 r--p 00002000 00:429 4611686019027979946       /nix/store/4nlgxhb09sdr51nc9hdm8az5b08vzkgx-glibc-2.35-163/lib/librt.so.1
7fcff5146000-7fcff5147000 rw-p 00003000 00:429 4611686019027979946       /nix/store/4nlgxhb09sdr51nc9hdm8az5b08vzkgx-glibc-2.35-163/lib/librt.so.1
7fcff5147000-7fcff625a000 r-xp 00000000 00:429 4611686019135360866       /nix/store/gpxl5qgg8kicmcvivwmybwjlpf7wh20l-graalvm17-ce-22.3.0/lib/server/libjvm.so
7fcff625a000-7fcff625b000 ---p 01113000 00:429 4611686019135360866       /nix/store/gpxl5qgg8kicmcvivwmybwjlpf7wh20l-graalvm17-ce-22.3.0/lib/server/libjvm.so
7fcff625b000-7fcff6310000 r--p 01113000 00:429 4611686019135360866       /nix/store/gpxl5qgg8kicmcvivwmybwjlpf7wh20l-graalvm17-ce-22.3.0/lib/server/libjvm.so
7fcff6310000-7fcff6344000 rw-p 011c8000 00:429 4611686019135360866       /nix/store/gpxl5qgg8kicmcvivwmybwjlpf7wh20l-graalvm17-ce-22.3.0/lib/server/libjvm.so
7fcff6344000-7fcff63a0000 rw-p 00000000 00:00 0 
7fcff63a0000-7fcff63c8000 r--p 00000000 00:429 4611686019027979918       /nix/store/4nlgxhb09sdr51nc9hdm8az5b08vzkgx-glibc-2.35-163/lib/libc.so.6
7fcff63c8000-7fcff653e000 r-xp 00028000 00:429 4611686019027979918       /nix/store/4nlgxhb09sdr51nc9hdm8az5b08vzkgx-glibc-2.35-163/lib/libc.so.6
7fcff653e000-7fcff6596000 r--p 0019e000 00:429 4611686019027979918       /nix/store/4nlgxhb09sdr51nc9hdm8az5b08vzkgx-glibc-2.35-163/lib/libc.so.6
7fcff6596000-7fcff659a000 r--p 001f6000 00:429 4611686019027979918       /nix/store/4nlgxhb09sdr51nc9hdm8az5b08vzkgx-glibc-2.35-163/lib/libc.so.6
7fcff659a000-7fcff659c000 rw-p 001fa000 00:429 4611686019027979918       /nix/store/4nlgxhb09sdr51nc9hdm8az5b08vzkgx-glibc-2.35-163/lib/libc.so.6
7fcff659c000-7fcff65ab000 rw-p 00000000 00:00 0 
7fcff65ab000-7fcff65ac000 r--p 00000000 00:429 4611686019027979923       /nix/store/4nlgxhb09sdr51nc9hdm8az5b08vzkgx-glibc-2.35-163/lib/libdl.so.2
7fcff65ac000-7fcff65ad000 r-xp 00001000 00:429 4611686019027979923       /nix/store/4nlgxhb09sdr51nc9hdm8az5b08vzkgx-glibc-2.35-163/lib/libdl.so.2
7fcff65ad000-7fcff65ae000 r--p 00002000 00:429 4611686019027979923       /nix/store/4nlgxhb09sdr51nc9hdm8az5b08vzkgx-glibc-2.35-163/lib/libdl.so.2
7fcff65ae000-7fcff65af000 r--p 00002000 00:429 4611686019027979923       /nix/store/4nlgxhb09sdr51nc9hdm8az5b08vzkgx-glibc-2.35-163/lib/libdl.so.2
7fcff65af000-7fcff65b0000 rw-p 00003000 00:429 4611686019027979923       /nix/store/4nlgxhb09sdr51nc9hdm8az5b08vzkgx-glibc-2.35-163/lib/libdl.so.2
7fcff65b0000-7fcff65b1000 r--p 00000000 00:429 4611686019027979942       /nix/store/4nlgxhb09sdr51nc9hdm8az5b08vzkgx-glibc-2.35-163/lib/libpthread.so.0
7fcff65b1000-7fcff65b2000 r-xp 00001000 00:429 4611686019027979942       /nix/store/4nlgxhb09sdr51nc9hdm8az5b08vzkgx-glibc-2.35-163/lib/libpthread.so.0
7fcff65b2000-7fcff65b3000 r--p 00002000 00:429 4611686019027979942       /nix/store/4nlgxhb09sdr51nc9hdm8az5b08vzkgx-glibc-2.35-163/lib/libpthread.so.0
7fcff65b3000-7fcff65b4000 r--p 00002000 00:429 4611686019027979942       /nix/store/4nlgxhb09sdr51nc9hdm8az5b08vzkgx-glibc-2.35-163/lib/libpthread.so.0
7fcff65b4000-7fcff65b5000 rw-p 00003000 00:429 4611686019027979942       /nix/store/4nlgxhb09sdr51nc9hdm8az5b08vzkgx-glibc-2.35-163/lib/libpthread.so.0
7fcff65b5000-7fcff65c3000 r-xp 00000000 00:429 4611686019135190033       /nix/store/gpxl5qgg8kicmcvivwmybwjlpf7wh20l-graalvm17-ce-22.3.0/lib/libjli.so
7fcff65c3000-7fcff65c4000 ---p 0000e000 00:429 4611686019135190033       /nix/store/gpxl5qgg8kicmcvivwmybwjlpf7wh20l-graalvm17-ce-22.3.0/lib/libjli.so
7fcff65c4000-7fcff65c5000 r--p 0000e000 00:429 4611686019135190033       /nix/store/gpxl5qgg8kicmcvivwmybwjlpf7wh20l-graalvm17-ce-22.3.0/lib/libjli.so
7fcff65c5000-7fcff65c6000 rw-p 0000f000 00:429 4611686019135190033       /nix/store/gpxl5qgg8kicmcvivwmybwjlpf7wh20l-graalvm17-ce-22.3.0/lib/libjli.so
7fcff65c6000-7fcff65c7000 rw-p 00012000 00:429 4611686019135190033       /nix/store/gpxl5qgg8kicmcvivwmybwjlpf7wh20l-graalvm17-ce-22.3.0/lib/libjli.so
7fcff65c7000-7fcff65ca000 r--p 00000000 00:429 4611686019106210071       /nix/store/026hln0aq1hyshaxsdvhg0kmcm6yf45r-zlib-1.2.13/lib/libz.so.1.2.13
7fcff65ca000-7fcff65dc000 r-xp 00003000 00:429 4611686019106210071       /nix/store/026hln0aq1hyshaxsdvhg0kmcm6yf45r-zlib-1.2.13/lib/libz.so.1.2.13
7fcff65dc000-7fcff65e3000 r--p 00015000 00:429 4611686019106210071       /nix/store/026hln0aq1hyshaxsdvhg0kmcm6yf45r-zlib-1.2.13/lib/libz.so.1.2.13
7fcff65e3000-7fcff65e4000 r--p 0001b000 00:429 4611686019106210071       /nix/store/026hln0aq1hyshaxsdvhg0kmcm6yf45r-zlib-1.2.13/lib/libz.so.1.2.13
7fcff65e4000-7fcff65e5000 rw-p 0001c000 00:429 4611686019106210071       /nix/store/026hln0aq1hyshaxsdvhg0kmcm6yf45r-zlib-1.2.13/lib/libz.so.1.2.13
7fcff65e5000-7fcff65e7000 rw-p 00000000 00:00 0 
7fcff65e7000-7fcff65e9000 r--p 00000000 00:429 4611686019027979912       /nix/store/4nlgxhb09sdr51nc9hdm8az5b08vzkgx-glibc-2.35-163/lib/ld-linux-x86-64.so.2
7fcff65e9000-7fcff6610000 r-xp 00002000 00:429 4611686019027979912       /nix/store/4nlgxhb09sdr51nc9hdm8az5b08vzkgx-glibc-2.35-163/lib/ld-linux-x86-64.so.2
7fcff6610000-7fcff661c000 r--p 00029000 00:429 4611686019027979912       /nix/store/4nlgxhb09sdr51nc9hdm8az5b08vzkgx-glibc-2.35-163/lib/ld-linux-x86-64.so.2
7fcff661c000-7fcff661e000 r--p 00034000 00:429 4611686019027979912       /nix/store/4nlgxhb09sdr51nc9hdm8az5b08vzkgx-glibc-2.35-163/lib/ld-linux-x86-64.so.2
7fcff661e000-7fcff6620000 rw-p 00036000 00:429 4611686019027979912       /nix/store/4nlgxhb09sdr51nc9hdm8az5b08vzkgx-glibc-2.35-163/lib/ld-linux-x86-64.so.2
7ffed875e000-7ffed8782000 rw-p 00000000 00:00 0                          [stack]
7ffed8782000-7ffed8786000 r--p 00000000 00:00 0                          [vvar]
7ffed8786000-7ffed8788000 r-xp 00000000 00:00 0                          [vdso]
ffffffffff600000-ffffffffff601000 --xp 00000000 00:00 0                  [vsyscall]


VM Arguments:
jvm_args: -XX:ThreadPriorityPolicy=1 -XX:+UnlockExperimentalVMOptions -XX:+EnableJVMCIProduct -XX:JVMCIThreadsPerNativeLibraryRuntime=1 -XX:-UnlockExperimentalVMOptions -Declipse.application=org.eclipse.jdt.ls.core.id1 -Dosgi.bundles.defaultStartLevel=4 -Declipse.product=org.eclipse.jdt.ls.core.product -Dlog.level=ALL -Xverify:none -XX:+UseParallelGC -XX:GCTimeRatio=4 -XX:AdaptiveSizePolicyWeight=90 -Dsun.zip.disableMemoryMapping=true -Xmx512m -Xms100m 
java_command: /nix/store/m6gcpi1ii6rghy04cjwjddcavv7i90df-jdt-language-server-1.9.0/share/java/plugins/org.eclipse.equinox.launcher_1.6.400.v20210924-0641.jar --add-modules=ALL-SYSTEM --add-opens java.base/java.util=ALL-UNNAMED --add-opens java.base/java.lang=ALL-UNNAMED -configuration /home/runner/.cache/jdt-language-server/config -data /home/runner/.cache/jdt-language-server/data/home/runner/kalkulator
java_class_path (initial): /nix/store/m6gcpi1ii6rghy04cjwjddcavv7i90df-jdt-language-server-1.9.0/share/java/plugins/org.eclipse.equinox.launcher_1.6.400.v20210924-0641.jar
Launcher Type: SUN_STANDARD

[Global flags]
    uintx AdaptiveSizePolicyWeight                 = 90                                        {product} {command line}
     intx CICompilerCount                          = 2                                         {product} {ergonomic}
     bool EnableJVMCIProduct                       = true                                {JVMCI product} {jimage}
    uintx GCTimeRatio                              = 4                                         {product} {command line}
   size_t InitialHeapSize                          = 104857600                                 {product} {command line}
     uint JVMCIThreadsPerNativeLibraryRuntime      = 1                                   {JVMCI product} {jimage}
   size_t MaxHeapSize                              = 536870912                                 {product} {command line}
   size_t MaxNewSize                               = 178782208                                 {product} {ergonomic}
   size_t MinHeapDeltaBytes                        = 524288                                    {product} {ergonomic}
   size_t MinHeapSize                              = 104857600                                 {product} {command line}
   size_t NewSize                                  = 34603008                                  {product} {ergonomic}
    uintx NonNMethodCodeHeapSize                   = 5826188                                {pd product} {ergonomic}
    uintx NonProfiledCodeHeapSize                  = 122916026                              {pd product} {ergonomic}
   size_t OldSize                                  = 70254592                                  {product} {ergonomic}
    uintx ProfiledCodeHeapSize                     = 122916026                              {pd product} {ergonomic}
    uintx ReservedCodeCacheSize                    = 251658240                              {pd product} {ergonomic}
     bool SegmentedCodeCache                       = true                                      {product} {ergonomic}
   size_t SoftMaxHeapSize                          = 536870912                              {manageable} {ergonomic}
     intx ThreadPriorityPolicy                     = 1                                         {product} {jimage}
     bool UseCompressedClassPointers               = true                           {product lp64_product} {ergonomic}
     bool UseCompressedOops                        = true                           {product lp64_product} {ergonomic}
     bool UseParallelGC                            = true                                      {product} {command line}

Logging:
Log output configuration:
 #0: stdout all=warning uptime,level,tags
 #1: stderr all=off uptime,level,tags

Environment Variables:
JAVA_HOME=/nix/store/gpxl5qgg8kicmcvivwmybwjlpf7wh20l-graalvm17-ce-22.3.0
PATH=/nix/store/1d6ian3r8kdzspw8hacjhl3xkp40g1lj-binutils-wrapper-2.39/bin:/nix/store/dq0xwmsk1g0i2ayg6pb7y87na2knzylh-gcc-wrapper-11.3.0/bin:/nix/store/bap4d0lpcrhpwmpb8ayjcgkmvfj62lnq-bash-interactive-5.1-p16/bin:/nix/store/pr5n59mb4jzmfx6kanwxly0l07p861fg-patchelf-0.15.0/bin:/nix/store/1gf2flfqnpqbr1b4p4qz2f72y42bs56r-gcc-11.3.0/bin:/nix/store/57xv61c5zi8pphjbcwxxjlgc34p61ic9-glibc-2.35-163-bin/bin:/nix/store/a7gvj343m05j2s32xcnwr35v31ynlypr-coreutils-9.1/bin:/nix/store/039g378vc3pc3dvi9dzdlrd0i4q93qwf-binutils-2.39/bin:/nix/store/gpxl5qgg8kicmcvivwmybwjlpf7wh20l-graalvm17-ce-22.3.0/bin:/nix/store/6z9ag3ihc8mq2hzsw48lhbznvzny65nz-apache-maven-3.8.6/bin:/nix/store/m6gcpi1ii6rghy04cjwjddcavv7i90df-jdt-language-server-1.9.0/bin:/nix/store/84xs5alhs01zrbr4ywm05kxbjbp5590l-java-debug/bin:/nix/store/mydc6f4k2z73xlcz7ilif3v2lcaiqvza-findutils-4.9.0/bin:/nix/store/j9p3g8472iijd50vhdprx0nmk2fqn5gv-diffutils-3.8/bin:/nix/store/89zs7rms6x00xfq4dq6m7mjnhkr8a6r4-gnused-4.8/bin:/nix/store/86bp03jkmsl6f92w0yzg4s59g5mhxwmy-gnugrep-3.7/bin:/nix/store/hwcdqw4jrjnd37wxqgsd47hd0j8bnj09-gawk-5.1.1/bin:/nix/store/cfbhw8r8ags41vwqaz47r583d0p4h4a1-gnutar-1.34/bin:/nix/store/p3m1ndl1lapwrlh698bnb5lvvxh67378-gzip-1.12/bin:/nix/store/a8mhcagrsly7c7mpjrpsnaahk4aax056-bzip2-1.0.8-bin/bin:/nix/store/mblgz65m3zv9x548a3d5m96fj2pbwr09-gnumake-4.3/bin:/nix/store/dsd5gz46hdbdk2rfdimqddhq6m8m8fqs-bash-5.1-p16/bin:/nix/store/v7ljksji50mg3w61dykaa3n3y79n6nil-patch-2.7.6/bin:/nix/store/zlcnmqq14jz5x9439jf937mvayyl63da-xz-5.2.7-bin/bin:/nix/store/y6aj732zm9m87c82fpvf103a1xb22blp-file-5.43/bin:/nix/store/i4kzir3m7mrisxmf5xvlnkw01x4qaqr4-prybar-elisp-0.0.0-e0d9a52/bin:/nix/store/lwwivxf6h7x3cvxp9zv8sj0mv7dak99r-prybar-lua-0.0.0-e0d9a52/bin:/nix/store/gxj28g1cg4hq3qanmjv07156h800qr58-prybar-python3-0.0.0-e0d9a52/bin:/nix/store/hshkjnxrgidigf8x75vg6lqng2xlx9i3-prybar-sqlite-0.0.0-e0d9a52/bin:/nix/store/c4w01bpjgyy5ixmwdk8m1pw87zq4sl26-prybar-tcl-0.0.0-e0d9a52/bin:/nix/store/hpbvrlwd5viqmvcaisb3x0118i913a9n-st
LD_LIBRARY_PATH=/nix/store/a4pff549sk2idnkpzk5nsfps3mdkdnvm-cups-2.4.2-lib/lib:/nix/store/72mqxxhh3cy5yifh92wh2yb8cl2hikyy-cairo-1.16.0/lib:/nix/store/2k366jrbsra97gjfxwvrhvixjfxdach5-glib-2.74.1/lib:/nix/store/2j2znigd8ak37rlwh9khz0ry3clqlw1l-gtk+3-3.24.34/lib:/nix/store/hisqvx32cd57apbpcsnkpx6k3549wql1-libglvnd-1.4.0/lib:/nix/store/p36pgcv991mq5srvg765b78yqpxvk3qs-mesa-21.3.3-drivers/lib:/nix/store/mav4251if1ahjq5vkpwycyyvnmy459c4-pulseaudio-14.2/lib
DISPLAY=:0
LANG=en_US.UTF-8

Signal Handlers:
   SIGSEGV: crash_handler in libjvm.so, mask=11100100010111111101111111111110, flags=SA_RESTART|SA_SIGINFO
    SIGBUS: crash_handler in libjvm.so, mask=11100100010111111101111111111110, flags=SA_RESTART|SA_SIGINFO
    SIGFPE: crash_handler in libjvm.so, mask=11100100010111111101111111111110, flags=SA_RESTART|SA_SIGINFO
   SIGPIPE: IsolateEnterStub_IgnoreSIGPIPEStartupHook_noopSignalHandler_8f19bff2f35b5f630d83b364d6b2339320d4ec70_216e8361c6bc87a8f89f58cc10d3b2fd4415bf87 in libjvmcicompiler.so, mask=00000000000000000000000000000000, flags=SA_RESTART
  *** Handler was modified!
  *** Expected: javaSignalHandler in libjvm.so, mask=11100100110111111111111111111110, flags=SA_RESTART|SA_SIGINFO
   SIGXFSZ: javaSignalHandler in libjvm.so, mask=11100100010111111101111111111110, flags=SA_RESTART|SA_SIGINFO
    SIGILL: crash_handler in libjvm.so, mask=11100100010111111101111111111110, flags=SA_RESTART|SA_SIGINFO
   SIGUSR2: SR_handler in libjvm.so, mask=00000000000000000000000000000000, flags=SA_RESTART|SA_SIGINFO
    SIGHUP: UserHandler in libjvm.so, mask=11100100010111111101111111111110, flags=SA_RESTART|SA_SIGINFO
    SIGINT: UserHandler in libjvm.so, mask=11100100010111111101111111111110, flags=SA_RESTART|SA_SIGINFO
   SIGTERM: UserHandler in libjvm.so, mask=11100100010111111101111111111110, flags=SA_RESTART|SA_SIGINFO
   SIGQUIT: UserHandler in libjvm.so, mask=11100100010111111101111111111110, flags=SA_RESTART|SA_SIGINFO
  *** Handler was modified!
  *** Expected: javaSignalHandler in libjvm.so, mask=11100100110111111111111111111110, flags=SA_RESTART|SA_SIGINFO
   SIGTRAP: crash_handler in libjvm.so, mask=11100100010111111101111111111110, flags=SA_RESTART|SA_SIGINFO


---------------  S Y S T E M  ---------------

OS:
DISTRIB_ID=Ubuntu
DISTRIB_RELEASE=20.04
DISTRIB_CODENAME=focal
DISTRIB_DESCRIPTION="Ubuntu 20.04.2 LTS"
uname: Linux 5.15.0-1030-gcp #37~20.04.1-Ubuntu SMP Mon Feb 20 04:30:57 UTC 2023 x86_64
OS uptime: 0 days 0:12 hours
libc: glibc 2.35 NPTL 2.35 
rlimit (soft/hard): STACK 8192k/infinity , CORE infinity/infinity , NPROC infinity/infinity , NOFILE 5242/5242 , AS infinity/infinity , CPU infinity/infinity , DATA infinity/infinity , FSIZE infinity/infinity , MEMLOCK 64k/64k
load average: 6.20 4.57 2.68

/proc/meminfo:
MemTotal:       65852732 kB
MemFree:        48003624 kB
MemAvailable:   57391204 kB
Buffers:          858580 kB
Cached:          8506664 kB
SwapCached:            0 kB
Active:          2756360 kB
Inactive:       12679696 kB
Active(anon):      11544 kB
Inactive(anon):  6004348 kB
Active(file):    2744816 kB
Inactive(file):  6675348 kB
Unevictable:       43688 kB
Mlocked:           43688 kB
SwapTotal:             0 kB
SwapFree:              0 kB
Dirty:             10932 kB
Writeback:             0 kB
AnonPages:       6040108 kB
Mapped:          1200956 kB
Shmem:             21628 kB
KReclaimable:     694016 kB
Slab:            1539140 kB
SReclaimable:     694016 kB
SUnreclaim:       845124 kB
KernelStack:      369900 kB
PageTables:        78524 kB
NFS_Unstable:          0 kB
Bounce:                0 kB
WritebackTmp:          0 kB
CommitLimit:    32926364 kB
Committed_AS:   33181876 kB
VmallocTotal:   34359738367 kB
VmallocUsed:      396760 kB
VmallocChunk:          0 kB
Percpu:            36096 kB
HardwareCorrupted:     0 kB
AnonHugePages:    684032 kB
ShmemHugePages:        0 kB
ShmemPmdMapped:        0 kB
FileHugePages:         0 kB
FilePmdMapped:         0 kB
HugePages_Total:       0
HugePages_Free:        0
HugePages_Rsvd:        0
HugePages_Surp:        0
Hugepagesize:       2048 kB
Hugetlb:               0 kB
DirectMap4k:      860992 kB
DirectMap2M:    19058688 kB
DirectMap1G:    49283072 kB

/sys/kernel/mm/transparent_hugepage/enabled: always [madvise] never
/sys/kernel/mm/transparent_hugepage/defrag (defrag/compaction efforts parameter): always defer defer+madvise [madvise] never

Process Memory:
Virtual Size: 5387352K (peak: 5473084K)
Resident Set Size: 751004K (peak: 788248K) (anon: 555620K, file: 195384K, shmem: 0K)
Swapped out: 0K
C-Heap outstanding allocations: 44120K, retained: 17279K
glibc malloc tunables: (default)

/proc/sys/kernel/threads-max (system-wide limit on the number of threads): 514406
/proc/sys/vm/max_map_count (maximum number of memory map areas a process may have): 65530
/proc/sys/kernel/pid_max (system-wide limit on number of process identifiers): 4194304

container (cgroup) information:
container_type: cgroupv1
cpu_cpuset_cpus: 2-7
cpu_memory_nodes: 0
active_processor_count: 1
cpu_quota: 50000
cpu_period: 100000
cpu_shares: 512
memory_limit_in_bytes: 1048576 k
memory_and_swap_limit_in_bytes: 1048576 k
memory_soft_limit_in_bytes: 524288 k
memory_usage_in_bytes: 809664 k
memory_max_usage_in_bytes: 875760 k
maximum number of tasks: 1000
current number of tasks: 54

KVM virtualization detected
Steal ticks since vm start: 0
Steal ticks percentage since vm start:  0.000

CPU: total 8 (initial active 1) (8 cores per cpu, 2 threads per core) family 23 model 49 stepping 0 microcode 0xffffffff, cx8, cmov, fxsr, ht, mmx, 3dnowpref, sse, sse2, sse3, ssse3, sse4a, sse4.1, sse4.2, popcnt, lzcnt, tsc, tscinvbit, avx, avx2, aes, clmul, bmi1, bmi2, adx, sha, fma, vzeroupper, clflush, clflushopt, hv
CPU Model and flags from /proc/cpuinfo:
model name	: AMD EPYC 7B12
flags		: fpu vme de pse tsc msr pae mce cx8 apic sep mtrr pge mca cmov pat pse36 clflush mmx fxsr sse sse2 ht syscall nx mmxext fxsr_opt pdpe1gb rdtscp lm constant_tsc rep_good nopl nonstop_tsc cpuid extd_apicid tsc_known_freq pni pclmulqdq ssse3 fma cx16 sse4_1 sse4_2 movbe popcnt aes xsave avx f16c rdrand hypervisor lahf_lm cmp_legacy cr8_legacy abm sse4a misalignsse 3dnowprefetch osvw topoext ssbd ibrs ibpb stibp vmmcall fsgsbase tsc_adjust bmi1 avx2 smep bmi2 rdseed adx smap clflushopt clwb sha_ni xsaveopt xsavec xgetbv1 clzero xsaveerptr arat npt nrip_save umip rdpid

Online cpus: 0-7
Offline cpus: 
BIOS frequency limitation: <Not Available>
Frequency switch latency (ns): <Not Available>
Available cpu frequencies: <Not Available>
Current governor: <Not Available>
Core performance/turbo boost: <Not Available>

Memory: 4k page, physical 1048576k(238900k free), swap 0k(0k free)
Page Sizes: 4k

vm_info: OpenJDK 64-Bit Server VM (17.0.5+8-jvmci-22.3-b08) for linux-amd64 JRE (17.0.5+8-jvmci-22.3-b08), built on Oct 19 2022 09:01:27 by "buildslave" with gcc 10.3.0

END.
